2022-04-21 16:33:29.760  INFO 8404 --- [AsyncResolver-bootstrap-executor-0] c.n.d.s.r.aws.ConfigClusterResolver      : Resolving eureka endpoints via configuration
2022-04-21 16:38:29.770  INFO 8404 --- [AsyncResolver-bootstrap-executor-0] c.n.d.s.r.aws.ConfigClusterResolver      : Resolving eureka endpoints via configuration
2022-04-21 16:43:29.784  INFO 8404 --- [AsyncResolver-bootstrap-executor-0] c.n.d.s.r.aws.ConfigClusterResolver      : Resolving eureka endpoints via configuration
2022-04-21 16:48:29.793  INFO 8404 --- [AsyncResolver-bootstrap-executor-0] c.n.d.s.r.aws.ConfigClusterResolver      : Resolving eureka endpoints via configuration
2022-04-21 16:53:29.802  INFO 8404 --- [AsyncResolver-bootstrap-executor-0] c.n.d.s.r.aws.ConfigClusterResolver      : Resolving eureka endpoints via configuration
2022-04-21 16:58:29.817  INFO 8404 --- [AsyncResolver-bootstrap-executor-0] c.n.d.s.r.aws.ConfigClusterResolver      : Resolving eureka endpoints via configuration
2022-04-21 17:03:29.821  INFO 8404 --- [AsyncResolver-bootstrap-executor-0] c.n.d.s.r.aws.ConfigClusterResolver      : Resolving eureka endpoints via configuration
2022-04-21 17:08:29.828  INFO 8404 --- [AsyncResolver-bootstrap-executor-0] c.n.d.s.r.aws.ConfigClusterResolver      : Resolving eureka endpoints via configuration
2022-04-21 17:13:29.840  INFO 8404 --- [AsyncResolver-bootstrap-executor-0] c.n.d.s.r.aws.ConfigClusterResolver      : Resolving eureka endpoints via configuration
2022-04-21 17:18:29.849  INFO 8404 --- [AsyncResolver-bootstrap-executor-0] c.n.d.s.r.aws.ConfigClusterResolver      : Resolving eureka endpoints via configuration
2022-04-21 17:23:29.857  INFO 8404 --- [AsyncResolver-bootstrap-executor-0] c.n.d.s.r.aws.ConfigClusterResolver      : Resolving eureka endpoints via configuration
2022-04-21 17:28:29.860  INFO 8404 --- [AsyncResolver-bootstrap-executor-0] c.n.d.s.r.aws.ConfigClusterResolver      : Resolving eureka endpoints via configuration
2022-04-21 17:33:29.863  INFO 8404 --- [AsyncResolver-bootstrap-executor-0] c.n.d.s.r.aws.ConfigClusterResolver      : Resolving eureka endpoints via configuration
2022-04-21 17:36:05.467  INFO 8404 --- [Thread-51] o.s.c.n.e.s.EurekaServiceRegistry        : Unregistering application BANKING-CREDIT-SERVICE with eureka with status DOWN
2022-04-21 17:36:05.467  INFO 8404 --- [Thread-51] com.netflix.discovery.DiscoveryClient    : Saw local status change event StatusChangeEvent [timestamp=1650580565467, current=DOWN, previous=UP]
2022-04-21 17:36:05.468  INFO 8404 --- [DiscoveryClient-InstanceInfoReplicator-0] com.netflix.discovery.DiscoveryClient    : DiscoveryClient_BANKING-CREDIT-SERVICE/LIM-6YYN4M3.usersad.everis.int:banking-credit-service:8084: registering service...
2022-04-21 17:36:05.477  INFO 8404 --- [DiscoveryClient-InstanceInfoReplicator-0] com.netflix.discovery.DiscoveryClient    : DiscoveryClient_BANKING-CREDIT-SERVICE/LIM-6YYN4M3.usersad.everis.int:banking-credit-service:8084 - registration status: 204
2022-04-21 17:36:09.791  INFO 8404 --- [Thread-51] com.netflix.discovery.DiscoveryClient    : Shutting down DiscoveryClient ...
2022-04-21 17:36:12.794  INFO 8404 --- [Thread-51] com.netflix.discovery.DiscoveryClient    : Unregistering ...
2022-04-21 17:36:12.809  INFO 8404 --- [Thread-51] com.netflix.discovery.DiscoveryClient    : DiscoveryClient_BANKING-CREDIT-SERVICE/LIM-6YYN4M3.usersad.everis.int:banking-credit-service:8084 - deregister  status: 200
2022-04-21 17:36:12.813  INFO 8404 --- [Thread-51] com.netflix.discovery.DiscoveryClient    : Completed shut down of DiscoveryClient
2022-04-21 17:54:24.382  INFO 8404 --- [restartedMain] .b.c.s.a.BankingCreditServiceApplication : No active profile set, falling back to 1 default profile: "default"
2022-04-21 17:54:24.653  INFO 8404 --- [restartedMain] .s.d.r.c.RepositoryConfigurationDelegate : Bootstrapping Spring Data Reactive MongoDB repositories in DEFAULT mode.
2022-04-21 17:54:24.665  INFO 8404 --- [restartedMain] .s.d.r.c.RepositoryConfigurationDelegate : Finished Spring Data repository scanning in 11 ms. Found 1 Reactive MongoDB repository interfaces.
2022-04-21 17:54:24.729  INFO 8404 --- [restartedMain] o.s.cloud.context.scope.GenericScope     : BeanFactory id=e9f3e643-479b-3a37-9b30-fe5e4e608be7
2022-04-21 17:54:24.740  INFO 8404 --- [restartedMain] trationDelegate$BeanPostProcessorChecker : Bean 'org.springframework.cloud.client.loadbalancer.reactive.LoadBalancerBeanPostProcessorAutoConfiguration' of type [org.springframework.cloud.client.loadbalancer.reactive.LoadBalancerBeanPostProcessorAutoConfiguration] is not eligible for getting processed by all BeanPostProcessors (for example: not eligible for auto-proxying)
2022-04-21 17:54:24.740  INFO 8404 --- [restartedMain] trationDelegate$BeanPostProcessorChecker : Bean 'org.springframework.cloud.client.loadbalancer.reactive.LoadBalancerBeanPostProcessorAutoConfiguration$ReactorDeferringLoadBalancerFilterConfig' of type [org.springframework.cloud.client.loadbalancer.reactive.LoadBalancerBeanPostProcessorAutoConfiguration$ReactorDeferringLoadBalancerFilterConfig] is not eligible for getting processed by all BeanPostProcessors (for example: not eligible for auto-proxying)
2022-04-21 17:54:24.741  INFO 8404 --- [restartedMain] trationDelegate$BeanPostProcessorChecker : Bean 'reactorDeferringLoadBalancerExchangeFilterFunction' of type [org.springframework.cloud.client.loadbalancer.reactive.DeferringLoadBalancerExchangeFilterFunction] is not eligible for getting processed by all BeanPostProcessors (for example: not eligible for auto-proxying)
2022-04-21 17:54:26.935  INFO 8404 --- [restartedMain] org.mongodb.driver.cluster               : Cluster created with settings {hosts=[127.0.0.1:27017], srvHost=jespinoza.is5j4.mongodb.net, mode=MULTIPLE, requiredClusterType=REPLICA_SET, serverSelectionTimeout='30000 ms', requiredReplicaSetName='atlas-ob43re-shard-0'}
2022-04-21 17:54:29.088  INFO 8404 --- [cluster-ClusterId{value='6261e0a2760f82430e2ba122', description='null'}-srv-jespinoza.is5j4.mongodb.net] org.mongodb.driver.cluster               : Adding discovered server jespinoza-shard-00-01.is5j4.mongodb.net:27017 to client view of cluster
2022-04-21 17:54:29.090  INFO 8404 --- [cluster-ClusterId{value='6261e0a2760f82430e2ba122', description='null'}-srv-jespinoza.is5j4.mongodb.net] org.mongodb.driver.cluster               : Adding discovered server jespinoza-shard-00-02.is5j4.mongodb.net:27017 to client view of cluster
2022-04-21 17:54:29.091  INFO 8404 --- [cluster-ClusterId{value='6261e0a2760f82430e2ba122', description='null'}-srv-jespinoza.is5j4.mongodb.net] org.mongodb.driver.cluster               : Adding discovered server jespinoza-shard-00-00.is5j4.mongodb.net:27017 to client view of cluster
2022-04-21 17:54:29.110  WARN 8404 --- [restartedMain] o.s.data.convert.CustomConversions       : Registering converter from class java.time.LocalDateTime to class org.joda.time.LocalDateTime as reading converter although it doesn't convert from a store-supported type! You might want to check your annotation setup at the converter implementation.
2022-04-21 17:54:29.130  WARN 8404 --- [restartedMain] o.s.b.d.a.OptionalLiveReloadServer       : Unable to start LiveReload server
2022-04-21 17:54:29.140  WARN 8404 --- [restartedMain] o.s.data.convert.CustomConversions       : Registering converter from class java.time.LocalDateTime to class org.joda.time.LocalDateTime as reading converter although it doesn't convert from a store-supported type! You might want to check your annotation setup at the converter implementation.
2022-04-21 17:54:29.591  INFO 8404 --- [restartedMain] o.s.b.a.e.web.EndpointLinksResolver      : Exposing 17 endpoint(s) beneath base path '/actuator'
2022-04-21 17:54:29.808  INFO 8404 --- [cluster-rtt-ClusterId{value='6261e0a2760f82430e2ba122', description='null'}-jespinoza-shard-00-01.is5j4.mongodb.net:27017] org.mongodb.driver.connection            : Opened connection [connectionId{localValue:30, serverValue:213277}] to jespinoza-shard-00-01.is5j4.mongodb.net:27017
2022-04-21 17:54:29.834  INFO 8404 --- [cluster-ClusterId{value='6261e0a2760f82430e2ba122', description='null'}-jespinoza-shard-00-01.is5j4.mongodb.net:27017] org.mongodb.driver.connection            : Opened connection [connectionId{localValue:29, serverValue:213277}] to jespinoza-shard-00-01.is5j4.mongodb.net:27017
2022-04-21 17:54:29.835  INFO 8404 --- [cluster-ClusterId{value='6261e0a2760f82430e2ba122', description='null'}-jespinoza-shard-00-01.is5j4.mongodb.net:27017] org.mongodb.driver.cluster               : Monitor thread successfully connected to server with description ServerDescription{address=jespinoza-shard-00-01.is5j4.mongodb.net:27017, type=REPLICA_SET_SECONDARY, state=CONNECTED, ok=true, minWireVersion=0, maxWireVersion=13, maxDocumentSize=16777216, logicalSessionTimeoutMinutes=30, roundTripTimeNanos=461017300, setName='atlas-ob43re-shard-0', canonicalAddress=jespinoza-shard-00-01.is5j4.mongodb.net:27017, hosts=[jespinoza-shard-00-00.is5j4.mongodb.net:27017, jespinoza-shard-00-02.is5j4.mongodb.net:27017, jespinoza-shard-00-01.is5j4.mongodb.net:27017], passives=[], arbiters=[], primary='jespinoza-shard-00-02.is5j4.mongodb.net:27017', tagSet=TagSet{[Tag{name='nodeType', value='ELECTABLE'}, Tag{name='provider', value='AWS'}, Tag{name='region', value='SA_EAST_1'}, Tag{name='workloadType', value='OPERATIONAL'}]}, electionId=null, setVersion=1, topologyVersion=TopologyVersion{processId=6255b3e0b4c5f71f47e9458f, counter=3}, lastWriteDate=Thu Apr 21 17:54:27 COT 2022, lastUpdateTimeNanos=7879500099300}
2022-04-21 17:54:29.844  INFO 8404 --- [cluster-rtt-ClusterId{value='6261e0a2760f82430e2ba122', description='null'}-jespinoza-shard-00-02.is5j4.mongodb.net:27017] org.mongodb.driver.connection            : Opened connection [connectionId{localValue:32, serverValue:216891}] to jespinoza-shard-00-02.is5j4.mongodb.net:27017
2022-04-21 17:54:29.852  INFO 8404 --- [restartedMain] DiscoveryClientOptionalArgsConfiguration : Eureka HTTP Client uses RestTemplate.
2022-04-21 17:54:29.858  INFO 8404 --- [cluster-ClusterId{value='6261e0a2760f82430e2ba122', description='null'}-jespinoza-shard-00-00.is5j4.mongodb.net:27017] org.mongodb.driver.connection            : Opened connection [connectionId{localValue:33, serverValue:213620}] to jespinoza-shard-00-00.is5j4.mongodb.net:27017
2022-04-21 17:54:29.859  INFO 8404 --- [cluster-ClusterId{value='6261e0a2760f82430e2ba122', description='null'}-jespinoza-shard-00-00.is5j4.mongodb.net:27017] org.mongodb.driver.cluster               : Monitor thread successfully connected to server with description ServerDescription{address=jespinoza-shard-00-00.is5j4.mongodb.net:27017, type=REPLICA_SET_SECONDARY, state=CONNECTED, ok=true, minWireVersion=0, maxWireVersion=13, maxDocumentSize=16777216, logicalSessionTimeoutMinutes=30, roundTripTimeNanos=445829000, setName='atlas-ob43re-shard-0', canonicalAddress=jespinoza-shard-00-00.is5j4.mongodb.net:27017, hosts=[jespinoza-shard-00-00.is5j4.mongodb.net:27017, jespinoza-shard-00-02.is5j4.mongodb.net:27017, jespinoza-shard-00-01.is5j4.mongodb.net:27017], passives=[], arbiters=[], primary='jespinoza-shard-00-02.is5j4.mongodb.net:27017', tagSet=TagSet{[Tag{name='nodeType', value='ELECTABLE'}, Tag{name='provider', value='AWS'}, Tag{name='region', value='SA_EAST_1'}, Tag{name='workloadType', value='OPERATIONAL'}]}, electionId=null, setVersion=1, topologyVersion=TopologyVersion{processId=6255b33eb2f8dd2ca44ad71c, counter=4}, lastWriteDate=Thu Apr 21 17:54:27 COT 2022, lastUpdateTimeNanos=7879524110800}
2022-04-21 17:54:29.871  WARN 8404 --- [restartedMain] iguration$LoadBalancerCaffeineWarnLogger : Spring Cloud LoadBalancer is currently working with the default cache. While this cache implementation is useful for development and tests, it's recommended to use Caffeine cache in production.You can switch to using Caffeine cache, by adding it and org.springframework.cache.caffeine.CaffeineCacheManager to the classpath.
2022-04-21 17:54:29.878  INFO 8404 --- [cluster-ClusterId{value='6261e0a2760f82430e2ba122', description='null'}-jespinoza-shard-00-02.is5j4.mongodb.net:27017] org.mongodb.driver.connection            : Opened connection [connectionId{localValue:31, serverValue:216891}] to jespinoza-shard-00-02.is5j4.mongodb.net:27017
2022-04-21 17:54:29.878  INFO 8404 --- [cluster-ClusterId{value='6261e0a2760f82430e2ba122', description='null'}-jespinoza-shard-00-02.is5j4.mongodb.net:27017] org.mongodb.driver.cluster               : Monitor thread successfully connected to server with description ServerDescription{address=jespinoza-shard-00-02.is5j4.mongodb.net:27017, type=REPLICA_SET_PRIMARY, state=CONNECTED, ok=true, minWireVersion=0, maxWireVersion=13, maxDocumentSize=16777216, logicalSessionTimeoutMinutes=30, roundTripTimeNanos=475690500, setName='atlas-ob43re-shard-0', canonicalAddress=jespinoza-shard-00-02.is5j4.mongodb.net:27017, hosts=[jespinoza-shard-00-00.is5j4.mongodb.net:27017, jespinoza-shard-00-02.is5j4.mongodb.net:27017, jespinoza-shard-00-01.is5j4.mongodb.net:27017], passives=[], arbiters=[], primary='jespinoza-shard-00-02.is5j4.mongodb.net:27017', tagSet=TagSet{[Tag{name='nodeType', value='ELECTABLE'}, Tag{name='provider', value='AWS'}, Tag{name='region', value='SA_EAST_1'}, Tag{name='workloadType', value='OPERATIONAL'}]}, electionId=7fffffff0000000000000003, setVersion=1, topologyVersion=TopologyVersion{processId=6255b38fc0dee849605ed2e2, counter=6}, lastWriteDate=Thu Apr 21 17:54:27 COT 2022, lastUpdateTimeNanos=7879543413100}
2022-04-21 17:54:29.879  INFO 8404 --- [cluster-ClusterId{value='6261e0a2760f82430e2ba122', description='null'}-jespinoza-shard-00-02.is5j4.mongodb.net:27017] org.mongodb.driver.cluster               : Setting max election id to 7fffffff0000000000000003 from replica set primary jespinoza-shard-00-02.is5j4.mongodb.net:27017
2022-04-21 17:54:29.879  INFO 8404 --- [cluster-ClusterId{value='6261e0a2760f82430e2ba122', description='null'}-jespinoza-shard-00-02.is5j4.mongodb.net:27017] org.mongodb.driver.cluster               : Setting max set version to 1 from replica set primary jespinoza-shard-00-02.is5j4.mongodb.net:27017
2022-04-21 17:54:29.879  INFO 8404 --- [cluster-ClusterId{value='6261e0a2760f82430e2ba122', description='null'}-jespinoza-shard-00-02.is5j4.mongodb.net:27017] org.mongodb.driver.cluster               : Discovered replica set primary jespinoza-shard-00-02.is5j4.mongodb.net:27017
2022-04-21 17:54:29.881  INFO 8404 --- [cluster-rtt-ClusterId{value='6261e0a2760f82430e2ba122', description='null'}-jespinoza-shard-00-00.is5j4.mongodb.net:27017] org.mongodb.driver.connection            : Opened connection [connectionId{localValue:34, serverValue:213620}] to jespinoza-shard-00-00.is5j4.mongodb.net:27017
2022-04-21 17:54:29.892  INFO 8404 --- [restartedMain] o.s.c.n.eureka.InstanceInfoFactory       : Setting initial instance status as: STARTING
2022-04-21 17:54:29.893  INFO 8404 --- [restartedMain] com.netflix.discovery.DiscoveryClient    : Initializing Eureka in region us-east-1
2022-04-21 17:54:29.893  INFO 8404 --- [restartedMain] c.n.d.s.r.aws.ConfigClusterResolver      : Resolving eureka endpoints via configuration
2022-04-21 17:54:29.894  INFO 8404 --- [restartedMain] com.netflix.discovery.DiscoveryClient    : Disable delta property : false
2022-04-21 17:54:29.894  INFO 8404 --- [restartedMain] com.netflix.discovery.DiscoveryClient    : Single vip registry refresh property : null
2022-04-21 17:54:29.894  INFO 8404 --- [restartedMain] com.netflix.discovery.DiscoveryClient    : Force full registry fetch : false
2022-04-21 17:54:29.894  INFO 8404 --- [restartedMain] com.netflix.discovery.DiscoveryClient    : Application is null : false
2022-04-21 17:54:29.894  INFO 8404 --- [restartedMain] com.netflix.discovery.DiscoveryClient    : Registered Applications size is zero : true
2022-04-21 17:54:29.894  INFO 8404 --- [restartedMain] com.netflix.discovery.DiscoveryClient    : Application version is -1: true
2022-04-21 17:54:29.894  INFO 8404 --- [restartedMain] com.netflix.discovery.DiscoveryClient    : Getting all instance registry info from the eureka server
2022-04-21 17:54:29.909  INFO 8404 --- [restartedMain] com.netflix.discovery.DiscoveryClient    : The response status is 200
2022-04-21 17:54:29.910  INFO 8404 --- [restartedMain] com.netflix.discovery.DiscoveryClient    : Starting heartbeat executor: renew interval is: 30
2022-04-21 17:54:29.911  INFO 8404 --- [restartedMain] c.n.discovery.InstanceInfoReplicator     : InstanceInfoReplicator onDemand update allowed rate per min is 4
2022-04-21 17:54:29.911  INFO 8404 --- [restartedMain] com.netflix.discovery.DiscoveryClient    : Discovery Client initialized at timestamp 1650581669911 with initial instances count: 5
2022-04-21 17:54:29.912  INFO 8404 --- [restartedMain] o.s.c.n.e.s.EurekaServiceRegistry        : Registering application BANKING-CREDIT-SERVICE with eureka with status UP
2022-04-21 17:54:29.912  INFO 8404 --- [restartedMain] com.netflix.discovery.DiscoveryClient    : Saw local status change event StatusChangeEvent [timestamp=1650581669912, current=UP, previous=STARTING]
2022-04-21 17:54:29.912  INFO 8404 --- [DiscoveryClient-InstanceInfoReplicator-0] com.netflix.discovery.DiscoveryClient    : DiscoveryClient_BANKING-CREDIT-SERVICE/LIM-6YYN4M3.usersad.everis.int:banking-credit-service:8084: registering service...
2022-04-21 17:54:29.920  INFO 8404 --- [restartedMain] o.s.b.web.embedded.netty.NettyWebServer  : Netty started on port 8084
2022-04-21 17:54:29.921  INFO 8404 --- [DiscoveryClient-InstanceInfoReplicator-0] com.netflix.discovery.DiscoveryClient    : DiscoveryClient_BANKING-CREDIT-SERVICE/LIM-6YYN4M3.usersad.everis.int:banking-credit-service:8084 - registration status: 204
2022-04-21 17:54:29.921  INFO 8404 --- [restartedMain] .s.c.n.e.s.EurekaAutoServiceRegistration : Updating port to 8084
2022-04-21 17:54:30.290  INFO 8404 --- [restartedMain] .b.c.s.a.BankingCreditServiceApplication : Started BankingCreditServiceApplication in 8.022 seconds (JVM running for 7511.446)
2022-04-21 17:54:30.294  INFO 8404 --- [restartedMain] .ConditionEvaluationDeltaLoggingListener : Condition evaluation delta:


==========================
CONDITION EVALUATION DELTA
==========================


Positive matches:
-----------------

   LogFileWebEndpointAutoConfiguration#logFileWebEndpoint matched:
      - Log File found logging.file.name log/CreditService.log (LogFileWebEndpointAutoConfiguration.LogFileCondition)
      - @ConditionalOnMissingBean (types: org.springframework.boot.actuate.logging.LogFileWebEndpoint; SearchStrategy: all) did not find any beans (OnBeanCondition)


Negative matches:
-----------------

    None


Exclusions:
-----------

    None


Unconditional classes:
----------------------

    None



2022-04-21 17:59:29.904  INFO 8404 --- [AsyncResolver-bootstrap-executor-0] c.n.d.s.r.aws.ConfigClusterResolver      : Resolving eureka endpoints via configuration
2022-04-21 17:59:40.603  INFO 8404 --- [Thread-87] o.s.c.n.e.s.EurekaServiceRegistry        : Unregistering application BANKING-CREDIT-SERVICE with eureka with status DOWN
2022-04-21 17:59:40.603  INFO 8404 --- [Thread-87] com.netflix.discovery.DiscoveryClient    : Saw local status change event StatusChangeEvent [timestamp=1650581980603, current=DOWN, previous=UP]
2022-04-21 17:59:40.603  INFO 8404 --- [DiscoveryClient-InstanceInfoReplicator-0] com.netflix.discovery.DiscoveryClient    : DiscoveryClient_BANKING-CREDIT-SERVICE/LIM-6YYN4M3.usersad.everis.int:banking-credit-service:8084: registering service...
2022-04-21 17:59:40.618  INFO 8404 --- [DiscoveryClient-InstanceInfoReplicator-0] com.netflix.discovery.DiscoveryClient    : DiscoveryClient_BANKING-CREDIT-SERVICE/LIM-6YYN4M3.usersad.everis.int:banking-credit-service:8084 - registration status: 204
2022-04-21 17:59:44.754  INFO 8404 --- [Thread-87] com.netflix.discovery.DiscoveryClient    : Shutting down DiscoveryClient ...
2022-04-21 17:59:47.769  INFO 8404 --- [Thread-87] com.netflix.discovery.DiscoveryClient    : Unregistering ...
2022-04-21 17:59:47.785  INFO 8404 --- [Thread-87] com.netflix.discovery.DiscoveryClient    : DiscoveryClient_BANKING-CREDIT-SERVICE/LIM-6YYN4M3.usersad.everis.int:banking-credit-service:8084 - deregister  status: 200
2022-04-21 17:59:47.787  INFO 8404 --- [Thread-87] com.netflix.discovery.DiscoveryClient    : Completed shut down of DiscoveryClient
2022-04-21 17:59:49.830  INFO 8404 --- [restartedMain] .b.c.s.a.BankingCreditServiceApplication : No active profile set, falling back to 1 default profile: "default"
2022-04-21 17:59:50.113  INFO 8404 --- [restartedMain] .s.d.r.c.RepositoryConfigurationDelegate : Bootstrapping Spring Data Reactive MongoDB repositories in DEFAULT mode.
2022-04-21 17:59:50.127  INFO 8404 --- [restartedMain] .s.d.r.c.RepositoryConfigurationDelegate : Finished Spring Data repository scanning in 13 ms. Found 1 Reactive MongoDB repository interfaces.
2022-04-21 17:59:50.201  INFO 8404 --- [restartedMain] o.s.cloud.context.scope.GenericScope     : BeanFactory id=e9f3e643-479b-3a37-9b30-fe5e4e608be7
2022-04-21 17:59:50.213  INFO 8404 --- [restartedMain] trationDelegate$BeanPostProcessorChecker : Bean 'org.springframework.cloud.client.loadbalancer.reactive.LoadBalancerBeanPostProcessorAutoConfiguration' of type [org.springframework.cloud.client.loadbalancer.reactive.LoadBalancerBeanPostProcessorAutoConfiguration] is not eligible for getting processed by all BeanPostProcessors (for example: not eligible for auto-proxying)
2022-04-21 17:59:50.213  INFO 8404 --- [restartedMain] trationDelegate$BeanPostProcessorChecker : Bean 'org.springframework.cloud.client.loadbalancer.reactive.LoadBalancerBeanPostProcessorAutoConfiguration$ReactorDeferringLoadBalancerFilterConfig' of type [org.springframework.cloud.client.loadbalancer.reactive.LoadBalancerBeanPostProcessorAutoConfiguration$ReactorDeferringLoadBalancerFilterConfig] is not eligible for getting processed by all BeanPostProcessors (for example: not eligible for auto-proxying)
2022-04-21 17:59:50.214  INFO 8404 --- [restartedMain] trationDelegate$BeanPostProcessorChecker : Bean 'reactorDeferringLoadBalancerExchangeFilterFunction' of type [org.springframework.cloud.client.loadbalancer.reactive.DeferringLoadBalancerExchangeFilterFunction] is not eligible for getting processed by all BeanPostProcessors (for example: not eligible for auto-proxying)
2022-04-21 17:59:52.390  INFO 8404 --- [restartedMain] org.mongodb.driver.cluster               : Cluster created with settings {hosts=[127.0.0.1:27017], srvHost=jespinoza.is5j4.mongodb.net, mode=MULTIPLE, requiredClusterType=REPLICA_SET, serverSelectionTimeout='30000 ms', requiredReplicaSetName='atlas-ob43re-shard-0'}
2022-04-21 17:59:54.491  INFO 8404 --- [cluster-ClusterId{value='6261e1e8760f82430e2ba123', description='null'}-srv-jespinoza.is5j4.mongodb.net] org.mongodb.driver.cluster               : Adding discovered server jespinoza-shard-00-01.is5j4.mongodb.net:27017 to client view of cluster
2022-04-21 17:59:54.493  INFO 8404 --- [cluster-ClusterId{value='6261e1e8760f82430e2ba123', description='null'}-srv-jespinoza.is5j4.mongodb.net] org.mongodb.driver.cluster               : Adding discovered server jespinoza-shard-00-02.is5j4.mongodb.net:27017 to client view of cluster
2022-04-21 17:59:54.493  INFO 8404 --- [cluster-ClusterId{value='6261e1e8760f82430e2ba123', description='null'}-srv-jespinoza.is5j4.mongodb.net] org.mongodb.driver.cluster               : Adding discovered server jespinoza-shard-00-00.is5j4.mongodb.net:27017 to client view of cluster
2022-04-21 17:59:54.523  WARN 8404 --- [restartedMain] o.s.data.convert.CustomConversions       : Registering converter from class java.time.LocalDateTime to class org.joda.time.LocalDateTime as reading converter although it doesn't convert from a store-supported type! You might want to check your annotation setup at the converter implementation.
2022-04-21 17:59:54.537  WARN 8404 --- [restartedMain] o.s.b.d.a.OptionalLiveReloadServer       : Unable to start LiveReload server
2022-04-21 17:59:54.545  WARN 8404 --- [restartedMain] o.s.data.convert.CustomConversions       : Registering converter from class java.time.LocalDateTime to class org.joda.time.LocalDateTime as reading converter although it doesn't convert from a store-supported type! You might want to check your annotation setup at the converter implementation.
2022-04-21 17:59:55.131  INFO 8404 --- [restartedMain] o.s.b.a.e.web.EndpointLinksResolver      : Exposing 17 endpoint(s) beneath base path '/actuator'
2022-04-21 17:59:55.274  INFO 8404 --- [cluster-ClusterId{value='6261e1e8760f82430e2ba123', description='null'}-jespinoza-shard-00-02.is5j4.mongodb.net:27017] org.mongodb.driver.connection            : Opened connection [connectionId{localValue:37, serverValue:216983}] to jespinoza-shard-00-02.is5j4.mongodb.net:27017
2022-04-21 17:59:55.274  INFO 8404 --- [cluster-ClusterId{value='6261e1e8760f82430e2ba123', description='null'}-jespinoza-shard-00-02.is5j4.mongodb.net:27017] org.mongodb.driver.cluster               : Monitor thread successfully connected to server with description ServerDescription{address=jespinoza-shard-00-02.is5j4.mongodb.net:27017, type=REPLICA_SET_PRIMARY, state=CONNECTED, ok=true, minWireVersion=0, maxWireVersion=13, maxDocumentSize=16777216, logicalSessionTimeoutMinutes=30, roundTripTimeNanos=448200701, setName='atlas-ob43re-shard-0', canonicalAddress=jespinoza-shard-00-02.is5j4.mongodb.net:27017, hosts=[jespinoza-shard-00-00.is5j4.mongodb.net:27017, jespinoza-shard-00-02.is5j4.mongodb.net:27017, jespinoza-shard-00-01.is5j4.mongodb.net:27017], passives=[], arbiters=[], primary='jespinoza-shard-00-02.is5j4.mongodb.net:27017', tagSet=TagSet{[Tag{name='nodeType', value='ELECTABLE'}, Tag{name='provider', value='AWS'}, Tag{name='region', value='SA_EAST_1'}, Tag{name='workloadType', value='OPERATIONAL'}]}, electionId=7fffffff0000000000000003, setVersion=1, topologyVersion=TopologyVersion{processId=6255b38fc0dee849605ed2e2, counter=6}, lastWriteDate=Thu Apr 21 17:59:44 COT 2022, lastUpdateTimeNanos=8204939802299}
2022-04-21 17:59:55.274  INFO 8404 --- [cluster-ClusterId{value='6261e1e8760f82430e2ba123', description='null'}-jespinoza-shard-00-02.is5j4.mongodb.net:27017] org.mongodb.driver.cluster               : Setting max election id to 7fffffff0000000000000003 from replica set primary jespinoza-shard-00-02.is5j4.mongodb.net:27017
2022-04-21 17:59:55.274  INFO 8404 --- [cluster-ClusterId{value='6261e1e8760f82430e2ba123', description='null'}-jespinoza-shard-00-02.is5j4.mongodb.net:27017] org.mongodb.driver.cluster               : Setting max set version to 1 from replica set primary jespinoza-shard-00-02.is5j4.mongodb.net:27017
2022-04-21 17:59:55.274  INFO 8404 --- [cluster-ClusterId{value='6261e1e8760f82430e2ba123', description='null'}-jespinoza-shard-00-02.is5j4.mongodb.net:27017] org.mongodb.driver.cluster               : Discovered replica set primary jespinoza-shard-00-02.is5j4.mongodb.net:27017
2022-04-21 17:59:55.277  INFO 8404 --- [cluster-rtt-ClusterId{value='6261e1e8760f82430e2ba123', description='null'}-jespinoza-shard-00-01.is5j4.mongodb.net:27017] org.mongodb.driver.connection            : Opened connection [connectionId{localValue:36, serverValue:213385}] to jespinoza-shard-00-01.is5j4.mongodb.net:27017
2022-04-21 17:59:55.291  INFO 8404 --- [cluster-rtt-ClusterId{value='6261e1e8760f82430e2ba123', description='null'}-jespinoza-shard-00-00.is5j4.mongodb.net:27017] org.mongodb.driver.connection            : Opened connection [connectionId{localValue:40, serverValue:213716}] to jespinoza-shard-00-00.is5j4.mongodb.net:27017
2022-04-21 17:59:55.293  INFO 8404 --- [cluster-ClusterId{value='6261e1e8760f82430e2ba123', description='null'}-jespinoza-shard-00-01.is5j4.mongodb.net:27017] org.mongodb.driver.connection            : Opened connection [connectionId{localValue:35, serverValue:213385}] to jespinoza-shard-00-01.is5j4.mongodb.net:27017
2022-04-21 17:59:55.293  INFO 8404 --- [cluster-rtt-ClusterId{value='6261e1e8760f82430e2ba123', description='null'}-jespinoza-shard-00-02.is5j4.mongodb.net:27017] org.mongodb.driver.connection            : Opened connection [connectionId{localValue:38, serverValue:216983}] to jespinoza-shard-00-02.is5j4.mongodb.net:27017
2022-04-21 17:59:55.293  INFO 8404 --- [cluster-ClusterId{value='6261e1e8760f82430e2ba123', description='null'}-jespinoza-shard-00-01.is5j4.mongodb.net:27017] org.mongodb.driver.cluster               : Monitor thread successfully connected to server with description ServerDescription{address=jespinoza-shard-00-01.is5j4.mongodb.net:27017, type=REPLICA_SET_SECONDARY, state=CONNECTED, ok=true, minWireVersion=0, maxWireVersion=13, maxDocumentSize=16777216, logicalSessionTimeoutMinutes=30, roundTripTimeNanos=456469701, setName='atlas-ob43re-shard-0', canonicalAddress=jespinoza-shard-00-01.is5j4.mongodb.net:27017, hosts=[jespinoza-shard-00-00.is5j4.mongodb.net:27017, jespinoza-shard-00-02.is5j4.mongodb.net:27017, jespinoza-shard-00-01.is5j4.mongodb.net:27017], passives=[], arbiters=[], primary='jespinoza-shard-00-02.is5j4.mongodb.net:27017', tagSet=TagSet{[Tag{name='nodeType', value='ELECTABLE'}, Tag{name='provider', value='AWS'}, Tag{name='region', value='SA_EAST_1'}, Tag{name='workloadType', value='OPERATIONAL'}]}, electionId=null, setVersion=1, topologyVersion=TopologyVersion{processId=6255b3e0b4c5f71f47e9458f, counter=3}, lastWriteDate=Thu Apr 21 17:59:44 COT 2022, lastUpdateTimeNanos=8204959426699}
2022-04-21 17:59:55.302  INFO 8404 --- [cluster-ClusterId{value='6261e1e8760f82430e2ba123', description='null'}-jespinoza-shard-00-00.is5j4.mongodb.net:27017] org.mongodb.driver.connection            : Opened connection [connectionId{localValue:39, serverValue:213716}] to jespinoza-shard-00-00.is5j4.mongodb.net:27017
2022-04-21 17:59:55.303  INFO 8404 --- [cluster-ClusterId{value='6261e1e8760f82430e2ba123', description='null'}-jespinoza-shard-00-00.is5j4.mongodb.net:27017] org.mongodb.driver.cluster               : Monitor thread successfully connected to server with description ServerDescription{address=jespinoza-shard-00-00.is5j4.mongodb.net:27017, type=REPLICA_SET_SECONDARY, state=CONNECTED, ok=true, minWireVersion=0, maxWireVersion=13, maxDocumentSize=16777216, logicalSessionTimeoutMinutes=30, roundTripTimeNanos=460264301, setName='atlas-ob43re-shard-0', canonicalAddress=jespinoza-shard-00-00.is5j4.mongodb.net:27017, hosts=[jespinoza-shard-00-00.is5j4.mongodb.net:27017, jespinoza-shard-00-02.is5j4.mongodb.net:27017, jespinoza-shard-00-01.is5j4.mongodb.net:27017], passives=[], arbiters=[], primary='jespinoza-shard-00-02.is5j4.mongodb.net:27017', tagSet=TagSet{[Tag{name='nodeType', value='ELECTABLE'}, Tag{name='provider', value='AWS'}, Tag{name='region', value='SA_EAST_1'}, Tag{name='workloadType', value='OPERATIONAL'}]}, electionId=null, setVersion=1, topologyVersion=TopologyVersion{processId=6255b33eb2f8dd2ca44ad71c, counter=4}, lastWriteDate=Thu Apr 21 17:59:44 COT 2022, lastUpdateTimeNanos=8204968955599}
2022-04-21 17:59:55.348  INFO 8404 --- [restartedMain] DiscoveryClientOptionalArgsConfiguration : Eureka HTTP Client uses RestTemplate.
2022-04-21 17:59:55.362  WARN 8404 --- [restartedMain] iguration$LoadBalancerCaffeineWarnLogger : Spring Cloud LoadBalancer is currently working with the default cache. While this cache implementation is useful for development and tests, it's recommended to use Caffeine cache in production.You can switch to using Caffeine cache, by adding it and org.springframework.cache.caffeine.CaffeineCacheManager to the classpath.
2022-04-21 17:59:55.378  INFO 8404 --- [restartedMain] o.s.c.n.eureka.InstanceInfoFactory       : Setting initial instance status as: STARTING
2022-04-21 17:59:55.379  INFO 8404 --- [restartedMain] com.netflix.discovery.DiscoveryClient    : Initializing Eureka in region us-east-1
2022-04-21 17:59:55.379  INFO 8404 --- [restartedMain] c.n.d.s.r.aws.ConfigClusterResolver      : Resolving eureka endpoints via configuration
2022-04-21 17:59:55.380  INFO 8404 --- [restartedMain] com.netflix.discovery.DiscoveryClient    : Disable delta property : false
2022-04-21 17:59:55.380  INFO 8404 --- [restartedMain] com.netflix.discovery.DiscoveryClient    : Single vip registry refresh property : null
2022-04-21 17:59:55.380  INFO 8404 --- [restartedMain] com.netflix.discovery.DiscoveryClient    : Force full registry fetch : false
2022-04-21 17:59:55.380  INFO 8404 --- [restartedMain] com.netflix.discovery.DiscoveryClient    : Application is null : false
2022-04-21 17:59:55.380  INFO 8404 --- [restartedMain] com.netflix.discovery.DiscoveryClient    : Registered Applications size is zero : true
2022-04-21 17:59:55.380  INFO 8404 --- [restartedMain] com.netflix.discovery.DiscoveryClient    : Application version is -1: true
2022-04-21 17:59:55.380  INFO 8404 --- [restartedMain] com.netflix.discovery.DiscoveryClient    : Getting all instance registry info from the eureka server
2022-04-21 17:59:55.391  INFO 8404 --- [restartedMain] com.netflix.discovery.DiscoveryClient    : The response status is 200
2022-04-21 17:59:55.391  INFO 8404 --- [restartedMain] com.netflix.discovery.DiscoveryClient    : Starting heartbeat executor: renew interval is: 30
2022-04-21 17:59:55.392  INFO 8404 --- [restartedMain] c.n.discovery.InstanceInfoReplicator     : InstanceInfoReplicator onDemand update allowed rate per min is 4
2022-04-21 17:59:55.393  INFO 8404 --- [restartedMain] com.netflix.discovery.DiscoveryClient    : Discovery Client initialized at timestamp 1650581995393 with initial instances count: 5
2022-04-21 17:59:55.393  INFO 8404 --- [restartedMain] o.s.c.n.e.s.EurekaServiceRegistry        : Registering application BANKING-CREDIT-SERVICE with eureka with status UP
2022-04-21 17:59:55.393  INFO 8404 --- [restartedMain] com.netflix.discovery.DiscoveryClient    : Saw local status change event StatusChangeEvent [timestamp=1650581995393, current=UP, previous=STARTING]
2022-04-21 17:59:55.394  INFO 8404 --- [DiscoveryClient-InstanceInfoReplicator-0] com.netflix.discovery.DiscoveryClient    : DiscoveryClient_BANKING-CREDIT-SERVICE/LIM-6YYN4M3.usersad.everis.int:banking-credit-service:8084: registering service...
2022-04-21 17:59:55.403  INFO 8404 --- [restartedMain] o.s.b.web.embedded.netty.NettyWebServer  : Netty started on port 8084
2022-04-21 17:59:55.404  INFO 8404 --- [restartedMain] .s.c.n.e.s.EurekaAutoServiceRegistration : Updating port to 8084
2022-04-21 17:59:55.405  INFO 8404 --- [DiscoveryClient-InstanceInfoReplicator-0] com.netflix.discovery.DiscoveryClient    : DiscoveryClient_BANKING-CREDIT-SERVICE/LIM-6YYN4M3.usersad.everis.int:banking-credit-service:8084 - registration status: 204
2022-04-21 17:59:55.733  INFO 8404 --- [restartedMain] .b.c.s.a.BankingCreditServiceApplication : Started BankingCreditServiceApplication in 7.731 seconds (JVM running for 7836.889)
2022-04-21 17:59:55.735  INFO 8404 --- [restartedMain] .ConditionEvaluationDeltaLoggingListener : Condition evaluation unchanged
2022-04-21 18:01:12.310  INFO 8404 --- [Thread-105] o.s.c.n.e.s.EurekaServiceRegistry        : Unregistering application BANKING-CREDIT-SERVICE with eureka with status DOWN
2022-04-21 18:01:12.311  INFO 8404 --- [Thread-105] com.netflix.discovery.DiscoveryClient    : Saw local status change event StatusChangeEvent [timestamp=1650582072311, current=DOWN, previous=UP]
2022-04-21 18:01:12.311  INFO 8404 --- [DiscoveryClient-InstanceInfoReplicator-0] com.netflix.discovery.DiscoveryClient    : DiscoveryClient_BANKING-CREDIT-SERVICE/LIM-6YYN4M3.usersad.everis.int:banking-credit-service:8084: registering service...
2022-04-21 18:01:12.323  INFO 8404 --- [DiscoveryClient-InstanceInfoReplicator-0] com.netflix.discovery.DiscoveryClient    : DiscoveryClient_BANKING-CREDIT-SERVICE/LIM-6YYN4M3.usersad.everis.int:banking-credit-service:8084 - registration status: 204
2022-04-21 18:01:16.450  INFO 8404 --- [Thread-105] com.netflix.discovery.DiscoveryClient    : Shutting down DiscoveryClient ...
2022-04-21 18:01:19.465  INFO 8404 --- [Thread-105] com.netflix.discovery.DiscoveryClient    : Unregistering ...
2022-04-21 18:01:19.481  INFO 8404 --- [Thread-105] com.netflix.discovery.DiscoveryClient    : DiscoveryClient_BANKING-CREDIT-SERVICE/LIM-6YYN4M3.usersad.everis.int:banking-credit-service:8084 - deregister  status: 200
2022-04-21 18:01:19.482  INFO 8404 --- [Thread-105] com.netflix.discovery.DiscoveryClient    : Completed shut down of DiscoveryClient
2022-04-21 18:01:24.823  INFO 8404 --- [restartedMain] .b.c.s.a.BankingCreditServiceApplication : No active profile set, falling back to 1 default profile: "default"
2022-04-21 18:01:25.055  INFO 8404 --- [restartedMain] .s.d.r.c.RepositoryConfigurationDelegate : Bootstrapping Spring Data Reactive MongoDB repositories in DEFAULT mode.
2022-04-21 18:01:25.066  INFO 8404 --- [restartedMain] .s.d.r.c.RepositoryConfigurationDelegate : Finished Spring Data repository scanning in 10 ms. Found 1 Reactive MongoDB repository interfaces.
2022-04-21 18:01:25.119  INFO 8404 --- [restartedMain] o.s.cloud.context.scope.GenericScope     : BeanFactory id=e9f3e643-479b-3a37-9b30-fe5e4e608be7
2022-04-21 18:01:25.129  INFO 8404 --- [restartedMain] trationDelegate$BeanPostProcessorChecker : Bean 'org.springframework.cloud.client.loadbalancer.reactive.LoadBalancerBeanPostProcessorAutoConfiguration' of type [org.springframework.cloud.client.loadbalancer.reactive.LoadBalancerBeanPostProcessorAutoConfiguration] is not eligible for getting processed by all BeanPostProcessors (for example: not eligible for auto-proxying)
2022-04-21 18:01:25.130  INFO 8404 --- [restartedMain] trationDelegate$BeanPostProcessorChecker : Bean 'org.springframework.cloud.client.loadbalancer.reactive.LoadBalancerBeanPostProcessorAutoConfiguration$ReactorDeferringLoadBalancerFilterConfig' of type [org.springframework.cloud.client.loadbalancer.reactive.LoadBalancerBeanPostProcessorAutoConfiguration$ReactorDeferringLoadBalancerFilterConfig] is not eligible for getting processed by all BeanPostProcessors (for example: not eligible for auto-proxying)
2022-04-21 18:01:25.130  INFO 8404 --- [restartedMain] trationDelegate$BeanPostProcessorChecker : Bean 'reactorDeferringLoadBalancerExchangeFilterFunction' of type [org.springframework.cloud.client.loadbalancer.reactive.DeferringLoadBalancerExchangeFilterFunction] is not eligible for getting processed by all BeanPostProcessors (for example: not eligible for auto-proxying)
2022-04-21 18:01:27.264  INFO 8404 --- [restartedMain] org.mongodb.driver.cluster               : Cluster created with settings {hosts=[127.0.0.1:27017], srvHost=jespinoza.is5j4.mongodb.net, mode=MULTIPLE, requiredClusterType=REPLICA_SET, serverSelectionTimeout='30000 ms', requiredReplicaSetName='atlas-ob43re-shard-0'}
2022-04-21 18:01:29.390  INFO 8404 --- [cluster-ClusterId{value='6261e247760f82430e2ba124', description='null'}-srv-jespinoza.is5j4.mongodb.net] org.mongodb.driver.cluster               : Adding discovered server jespinoza-shard-00-01.is5j4.mongodb.net:27017 to client view of cluster
2022-04-21 18:01:29.392  INFO 8404 --- [cluster-ClusterId{value='6261e247760f82430e2ba124', description='null'}-srv-jespinoza.is5j4.mongodb.net] org.mongodb.driver.cluster               : Adding discovered server jespinoza-shard-00-02.is5j4.mongodb.net:27017 to client view of cluster
2022-04-21 18:01:29.393  INFO 8404 --- [cluster-ClusterId{value='6261e247760f82430e2ba124', description='null'}-srv-jespinoza.is5j4.mongodb.net] org.mongodb.driver.cluster               : Adding discovered server jespinoza-shard-00-00.is5j4.mongodb.net:27017 to client view of cluster
2022-04-21 18:01:29.435  WARN 8404 --- [restartedMain] o.s.data.convert.CustomConversions       : Registering converter from class java.time.LocalDateTime to class org.joda.time.LocalDateTime as reading converter although it doesn't convert from a store-supported type! You might want to check your annotation setup at the converter implementation.
2022-04-21 18:01:29.453  WARN 8404 --- [restartedMain] o.s.b.d.a.OptionalLiveReloadServer       : Unable to start LiveReload server
2022-04-21 18:01:29.461  WARN 8404 --- [restartedMain] o.s.data.convert.CustomConversions       : Registering converter from class java.time.LocalDateTime to class org.joda.time.LocalDateTime as reading converter although it doesn't convert from a store-supported type! You might want to check your annotation setup at the converter implementation.
2022-04-21 18:01:29.915  INFO 8404 --- [restartedMain] o.s.b.a.e.web.EndpointLinksResolver      : Exposing 17 endpoint(s) beneath base path '/actuator'
2022-04-21 18:01:30.133  INFO 8404 --- [cluster-rtt-ClusterId{value='6261e247760f82430e2ba124', description='null'}-jespinoza-shard-00-02.is5j4.mongodb.net:27017] org.mongodb.driver.connection            : Opened connection [connectionId{localValue:44, serverValue:217017}] to jespinoza-shard-00-02.is5j4.mongodb.net:27017
2022-04-21 18:01:30.142  INFO 8404 --- [restartedMain] DiscoveryClientOptionalArgsConfiguration : Eureka HTTP Client uses RestTemplate.
2022-04-21 18:01:30.153  INFO 8404 --- [cluster-ClusterId{value='6261e247760f82430e2ba124', description='null'}-jespinoza-shard-00-02.is5j4.mongodb.net:27017] org.mongodb.driver.connection            : Opened connection [connectionId{localValue:43, serverValue:217017}] to jespinoza-shard-00-02.is5j4.mongodb.net:27017
2022-04-21 18:01:30.154  INFO 8404 --- [cluster-ClusterId{value='6261e247760f82430e2ba124', description='null'}-jespinoza-shard-00-02.is5j4.mongodb.net:27017] org.mongodb.driver.cluster               : Monitor thread successfully connected to server with description ServerDescription{address=jespinoza-shard-00-02.is5j4.mongodb.net:27017, type=REPLICA_SET_PRIMARY, state=CONNECTED, ok=true, minWireVersion=0, maxWireVersion=13, maxDocumentSize=16777216, logicalSessionTimeoutMinutes=30, roundTripTimeNanos=461811200, setName='atlas-ob43re-shard-0', canonicalAddress=jespinoza-shard-00-02.is5j4.mongodb.net:27017, hosts=[jespinoza-shard-00-00.is5j4.mongodb.net:27017, jespinoza-shard-00-02.is5j4.mongodb.net:27017, jespinoza-shard-00-01.is5j4.mongodb.net:27017], passives=[], arbiters=[], primary='jespinoza-shard-00-02.is5j4.mongodb.net:27017', tagSet=TagSet{[Tag{name='nodeType', value='ELECTABLE'}, Tag{name='provider', value='AWS'}, Tag{name='region', value='SA_EAST_1'}, Tag{name='workloadType', value='OPERATIONAL'}]}, electionId=7fffffff0000000000000003, setVersion=1, topologyVersion=TopologyVersion{processId=6255b38fc0dee849605ed2e2, counter=6}, lastWriteDate=Thu Apr 21 18:01:17 COT 2022, lastUpdateTimeNanos=8299819549600}
2022-04-21 18:01:30.154  INFO 8404 --- [cluster-ClusterId{value='6261e247760f82430e2ba124', description='null'}-jespinoza-shard-00-02.is5j4.mongodb.net:27017] org.mongodb.driver.cluster               : Setting max election id to 7fffffff0000000000000003 from replica set primary jespinoza-shard-00-02.is5j4.mongodb.net:27017
2022-04-21 18:01:30.155  INFO 8404 --- [cluster-ClusterId{value='6261e247760f82430e2ba124', description='null'}-jespinoza-shard-00-02.is5j4.mongodb.net:27017] org.mongodb.driver.cluster               : Setting max set version to 1 from replica set primary jespinoza-shard-00-02.is5j4.mongodb.net:27017
2022-04-21 18:01:30.155  INFO 8404 --- [cluster-ClusterId{value='6261e247760f82430e2ba124', description='null'}-jespinoza-shard-00-02.is5j4.mongodb.net:27017] org.mongodb.driver.cluster               : Discovered replica set primary jespinoza-shard-00-02.is5j4.mongodb.net:27017
2022-04-21 18:01:30.158  WARN 8404 --- [restartedMain] iguration$LoadBalancerCaffeineWarnLogger : Spring Cloud LoadBalancer is currently working with the default cache. While this cache implementation is useful for development and tests, it's recommended to use Caffeine cache in production.You can switch to using Caffeine cache, by adding it and org.springframework.cache.caffeine.CaffeineCacheManager to the classpath.
2022-04-21 18:01:30.174  INFO 8404 --- [restartedMain] o.s.c.n.eureka.InstanceInfoFactory       : Setting initial instance status as: STARTING
2022-04-21 18:01:30.175  INFO 8404 --- [restartedMain] com.netflix.discovery.DiscoveryClient    : Initializing Eureka in region us-east-1
2022-04-21 18:01:30.175  INFO 8404 --- [restartedMain] c.n.d.s.r.aws.ConfigClusterResolver      : Resolving eureka endpoints via configuration
2022-04-21 18:01:30.175  INFO 8404 --- [restartedMain] com.netflix.discovery.DiscoveryClient    : Disable delta property : false
2022-04-21 18:01:30.175  INFO 8404 --- [restartedMain] com.netflix.discovery.DiscoveryClient    : Single vip registry refresh property : null
2022-04-21 18:01:30.175  INFO 8404 --- [restartedMain] com.netflix.discovery.DiscoveryClient    : Force full registry fetch : false
2022-04-21 18:01:30.175  INFO 8404 --- [restartedMain] com.netflix.discovery.DiscoveryClient    : Application is null : false
2022-04-21 18:01:30.175  INFO 8404 --- [restartedMain] com.netflix.discovery.DiscoveryClient    : Registered Applications size is zero : true
2022-04-21 18:01:30.176  INFO 8404 --- [restartedMain] com.netflix.discovery.DiscoveryClient    : Application version is -1: true
2022-04-21 18:01:30.176  INFO 8404 --- [restartedMain] com.netflix.discovery.DiscoveryClient    : Getting all instance registry info from the eureka server
2022-04-21 18:01:30.185  INFO 8404 --- [restartedMain] com.netflix.discovery.DiscoveryClient    : The response status is 200
2022-04-21 18:01:30.186  INFO 8404 --- [restartedMain] com.netflix.discovery.DiscoveryClient    : Starting heartbeat executor: renew interval is: 30
2022-04-21 18:01:30.186  INFO 8404 --- [restartedMain] c.n.discovery.InstanceInfoReplicator     : InstanceInfoReplicator onDemand update allowed rate per min is 4
2022-04-21 18:01:30.187  INFO 8404 --- [restartedMain] com.netflix.discovery.DiscoveryClient    : Discovery Client initialized at timestamp 1650582090187 with initial instances count: 5
2022-04-21 18:01:30.187  INFO 8404 --- [restartedMain] o.s.c.n.e.s.EurekaServiceRegistry        : Registering application BANKING-CREDIT-SERVICE with eureka with status UP
2022-04-21 18:01:30.187  INFO 8404 --- [restartedMain] com.netflix.discovery.DiscoveryClient    : Saw local status change event StatusChangeEvent [timestamp=1650582090187, current=UP, previous=STARTING]
2022-04-21 18:01:30.188  INFO 8404 --- [DiscoveryClient-InstanceInfoReplicator-0] com.netflix.discovery.DiscoveryClient    : DiscoveryClient_BANKING-CREDIT-SERVICE/LIM-6YYN4M3.usersad.everis.int:banking-credit-service:8084: registering service...
2022-04-21 18:01:30.196  INFO 8404 --- [restartedMain] o.s.b.web.embedded.netty.NettyWebServer  : Netty started on port 8084
2022-04-21 18:01:30.196  INFO 8404 --- [restartedMain] .s.c.n.e.s.EurekaAutoServiceRegistration : Updating port to 8084
2022-04-21 18:01:30.196  INFO 8404 --- [DiscoveryClient-InstanceInfoReplicator-0] com.netflix.discovery.DiscoveryClient    : DiscoveryClient_BANKING-CREDIT-SERVICE/LIM-6YYN4M3.usersad.everis.int:banking-credit-service:8084 - registration status: 204
2022-04-21 18:01:30.203  INFO 8404 --- [cluster-rtt-ClusterId{value='6261e247760f82430e2ba124', description='null'}-jespinoza-shard-00-01.is5j4.mongodb.net:27017] org.mongodb.driver.connection            : Opened connection [connectionId{localValue:42, serverValue:213411}] to jespinoza-shard-00-01.is5j4.mongodb.net:27017
2022-04-21 18:01:30.211  INFO 8404 --- [cluster-rtt-ClusterId{value='6261e247760f82430e2ba124', description='null'}-jespinoza-shard-00-00.is5j4.mongodb.net:27017] org.mongodb.driver.connection            : Opened connection [connectionId{localValue:46, serverValue:213749}] to jespinoza-shard-00-00.is5j4.mongodb.net:27017
2022-04-21 18:01:30.217  INFO 8404 --- [cluster-ClusterId{value='6261e247760f82430e2ba124', description='null'}-jespinoza-shard-00-01.is5j4.mongodb.net:27017] org.mongodb.driver.connection            : Opened connection [connectionId{localValue:41, serverValue:213411}] to jespinoza-shard-00-01.is5j4.mongodb.net:27017
2022-04-21 18:01:30.217  INFO 8404 --- [cluster-ClusterId{value='6261e247760f82430e2ba124', description='null'}-jespinoza-shard-00-01.is5j4.mongodb.net:27017] org.mongodb.driver.cluster               : Monitor thread successfully connected to server with description ServerDescription{address=jespinoza-shard-00-01.is5j4.mongodb.net:27017, type=REPLICA_SET_SECONDARY, state=CONNECTED, ok=true, minWireVersion=0, maxWireVersion=13, maxDocumentSize=16777216, logicalSessionTimeoutMinutes=30, roundTripTimeNanos=467816101, setName='atlas-ob43re-shard-0', canonicalAddress=jespinoza-shard-00-01.is5j4.mongodb.net:27017, hosts=[jespinoza-shard-00-00.is5j4.mongodb.net:27017, jespinoza-shard-00-02.is5j4.mongodb.net:27017, jespinoza-shard-00-01.is5j4.mongodb.net:27017], passives=[], arbiters=[], primary='jespinoza-shard-00-02.is5j4.mongodb.net:27017', tagSet=TagSet{[Tag{name='nodeType', value='ELECTABLE'}, Tag{name='provider', value='AWS'}, Tag{name='region', value='SA_EAST_1'}, Tag{name='workloadType', value='OPERATIONAL'}]}, electionId=null, setVersion=1, topologyVersion=TopologyVersion{processId=6255b3e0b4c5f71f47e9458f, counter=3}, lastWriteDate=Thu Apr 21 18:01:17 COT 2022, lastUpdateTimeNanos=8299882792700}
2022-04-21 18:01:30.218  INFO 8404 --- [cluster-ClusterId{value='6261e247760f82430e2ba124', description='null'}-jespinoza-shard-00-00.is5j4.mongodb.net:27017] org.mongodb.driver.connection            : Opened connection [connectionId{localValue:45, serverValue:213749}] to jespinoza-shard-00-00.is5j4.mongodb.net:27017
2022-04-21 18:01:30.219  INFO 8404 --- [cluster-ClusterId{value='6261e247760f82430e2ba124', description='null'}-jespinoza-shard-00-00.is5j4.mongodb.net:27017] org.mongodb.driver.cluster               : Monitor thread successfully connected to server with description ServerDescription{address=jespinoza-shard-00-00.is5j4.mongodb.net:27017, type=REPLICA_SET_SECONDARY, state=CONNECTED, ok=true, minWireVersion=0, maxWireVersion=13, maxDocumentSize=16777216, logicalSessionTimeoutMinutes=30, roundTripTimeNanos=474602299, setName='atlas-ob43re-shard-0', canonicalAddress=jespinoza-shard-00-00.is5j4.mongodb.net:27017, hosts=[jespinoza-shard-00-00.is5j4.mongodb.net:27017, jespinoza-shard-00-02.is5j4.mongodb.net:27017, jespinoza-shard-00-01.is5j4.mongodb.net:27017], passives=[], arbiters=[], primary='jespinoza-shard-00-02.is5j4.mongodb.net:27017', tagSet=TagSet{[Tag{name='nodeType', value='ELECTABLE'}, Tag{name='provider', value='AWS'}, Tag{name='region', value='SA_EAST_1'}, Tag{name='workloadType', value='OPERATIONAL'}]}, electionId=null, setVersion=1, topologyVersion=TopologyVersion{processId=6255b33eb2f8dd2ca44ad71c, counter=4}, lastWriteDate=Thu Apr 21 18:01:17 COT 2022, lastUpdateTimeNanos=8299884586300}
2022-04-21 18:01:30.514  INFO 8404 --- [restartedMain] .b.c.s.a.BankingCreditServiceApplication : Started BankingCreditServiceApplication in 10.869 seconds (JVM running for 7931.67)
2022-04-21 18:01:30.515  INFO 8404 --- [restartedMain] .ConditionEvaluationDeltaLoggingListener : Condition evaluation unchanged
2022-04-21 18:06:30.176  INFO 8404 --- [AsyncResolver-bootstrap-executor-0] c.n.d.s.r.aws.ConfigClusterResolver      : Resolving eureka endpoints via configuration
2022-04-21 18:11:30.191  INFO 8404 --- [AsyncResolver-bootstrap-executor-0] c.n.d.s.r.aws.ConfigClusterResolver      : Resolving eureka endpoints via configuration
2022-04-21 18:16:30.196  INFO 8404 --- [AsyncResolver-bootstrap-executor-0] c.n.d.s.r.aws.ConfigClusterResolver      : Resolving eureka endpoints via configuration
2022-04-21 18:21:30.208  INFO 8404 --- [AsyncResolver-bootstrap-executor-0] c.n.d.s.r.aws.ConfigClusterResolver      : Resolving eureka endpoints via configuration
2022-04-21 18:26:30.211  INFO 8404 --- [AsyncResolver-bootstrap-executor-0] c.n.d.s.r.aws.ConfigClusterResolver      : Resolving eureka endpoints via configuration
2022-04-21 18:31:30.219  INFO 8404 --- [AsyncResolver-bootstrap-executor-0] c.n.d.s.r.aws.ConfigClusterResolver      : Resolving eureka endpoints via configuration
2022-04-21 18:36:30.230  INFO 8404 --- [AsyncResolver-bootstrap-executor-0] c.n.d.s.r.aws.ConfigClusterResolver      : Resolving eureka endpoints via configuration
2022-04-21 18:41:30.244  INFO 8404 --- [AsyncResolver-bootstrap-executor-0] c.n.d.s.r.aws.ConfigClusterResolver      : Resolving eureka endpoints via configuration
2022-04-21 18:46:30.254  INFO 8404 --- [AsyncResolver-bootstrap-executor-0] c.n.d.s.r.aws.ConfigClusterResolver      : Resolving eureka endpoints via configuration
2022-04-21 18:51:30.258  INFO 8404 --- [AsyncResolver-bootstrap-executor-0] c.n.d.s.r.aws.ConfigClusterResolver      : Resolving eureka endpoints via configuration
2022-04-21 18:56:30.261  INFO 8404 --- [AsyncResolver-bootstrap-executor-0] c.n.d.s.r.aws.ConfigClusterResolver      : Resolving eureka endpoints via configuration
2022-04-21 19:01:30.275  INFO 8404 --- [AsyncResolver-bootstrap-executor-0] c.n.d.s.r.aws.ConfigClusterResolver      : Resolving eureka endpoints via configuration
2022-04-21 19:06:30.282  INFO 8404 --- [AsyncResolver-bootstrap-executor-0] c.n.d.s.r.aws.ConfigClusterResolver      : Resolving eureka endpoints via configuration
2022-04-21 19:11:30.287  INFO 8404 --- [AsyncResolver-bootstrap-executor-0] c.n.d.s.r.aws.ConfigClusterResolver      : Resolving eureka endpoints via configuration
2022-04-21 21:32:09.285  INFO 8404 --- [cluster-ClusterId{value='6261e247760f82430e2ba124', description='null'}-jespinoza-shard-00-01.is5j4.mongodb.net:27017] org.mongodb.driver.cluster               : Exception in monitor thread while connecting to server jespinoza-shard-00-01.is5j4.mongodb.net:27017

com.mongodb.MongoSocketReadException: Exception receiving message
	at com.mongodb.internal.connection.InternalStreamConnection.translateReadException(InternalStreamConnection.java:707) ~[mongodb-driver-core-4.4.2.jar:na]
	at com.mongodb.internal.connection.InternalStreamConnection.receiveMessageWithAdditionalTimeout(InternalStreamConnection.java:579) ~[mongodb-driver-core-4.4.2.jar:na]
	at com.mongodb.internal.connection.InternalStreamConnection.receiveCommandMessageResponse(InternalStreamConnection.java:415) ~[mongodb-driver-core-4.4.2.jar:na]
	at com.mongodb.internal.connection.InternalStreamConnection.receive(InternalStreamConnection.java:374) ~[mongodb-driver-core-4.4.2.jar:na]
	at com.mongodb.internal.connection.DefaultServerMonitor$ServerMonitorRunnable.lookupServerDescription(DefaultServerMonitor.java:216) ~[mongodb-driver-core-4.4.2.jar:na]
	at com.mongodb.internal.connection.DefaultServerMonitor$ServerMonitorRunnable.run(DefaultServerMonitor.java:152) ~[mongodb-driver-core-4.4.2.jar:na]
	at java.lang.Thread.run(Thread.java:748) [na:1.8.0_311]
Caused by: java.io.IOException: Se ha forzado la interrupcin de una conexin existente por el host remoto
	at sun.nio.ch.SocketDispatcher.read0(Native Method) ~[na:1.8.0_311]
	at sun.nio.ch.SocketDispatcher.read(SocketDispatcher.java:43) ~[na:1.8.0_311]
	at sun.nio.ch.IOUtil.readIntoNativeBuffer(IOUtil.java:223) ~[na:1.8.0_311]
	at sun.nio.ch.IOUtil.read(IOUtil.java:192) ~[na:1.8.0_311]
	at sun.nio.ch.SocketChannelImpl.read(SocketChannelImpl.java:378) ~[na:1.8.0_311]
	at io.netty.buffer.PooledByteBuf.setBytes(PooledByteBuf.java:258) ~[netty-buffer-4.1.75.Final.jar:4.1.75.Final]
	at io.netty.buffer.AbstractByteBuf.writeBytes(AbstractByteBuf.java:1132) ~[netty-buffer-4.1.75.Final.jar:4.1.75.Final]
	at io.netty.channel.socket.nio.NioSocketChannel.doReadBytes(NioSocketChannel.java:350) ~[netty-transport-4.1.75.Final.jar:4.1.75.Final]
	at io.netty.channel.nio.AbstractNioByteChannel$NioByteUnsafe.read(AbstractNioByteChannel.java:151) ~[netty-transport-4.1.75.Final.jar:4.1.75.Final]
	at io.netty.channel.nio.NioEventLoop.processSelectedKey(NioEventLoop.java:722) ~[netty-transport-4.1.75.Final.jar:4.1.75.Final]
	at io.netty.channel.nio.NioEventLoop.processSelectedKeysOptimized(NioEventLoop.java:658) ~[netty-transport-4.1.75.Final.jar:4.1.75.Final]
	at io.netty.channel.nio.NioEventLoop.processSelectedKeys(NioEventLoop.java:584) ~[netty-transport-4.1.75.Final.jar:4.1.75.Final]
	at io.netty.channel.nio.NioEventLoop.run(NioEventLoop.java:496) ~[netty-transport-4.1.75.Final.jar:4.1.75.Final]
	at io.netty.util.concurrent.SingleThreadEventExecutor$4.run(SingleThreadEventExecutor.java:986) ~[netty-common-4.1.75.Final.jar:4.1.75.Final]
	at io.netty.util.internal.ThreadExecutorMap$2.run(ThreadExecutorMap.java:74) ~[netty-common-4.1.75.Final.jar:4.1.75.Final]
	at io.netty.util.concurrent.FastThreadLocalRunnable.run(FastThreadLocalRunnable.java:30) ~[netty-common-4.1.75.Final.jar:4.1.75.Final]
	... 1 common frames omitted

2022-04-21 21:32:09.295  INFO 8404 --- [cluster-ClusterId{value='6261e247760f82430e2ba124', description='null'}-jespinoza-shard-00-00.is5j4.mongodb.net:27017] org.mongodb.driver.cluster               : Exception in monitor thread while connecting to server jespinoza-shard-00-00.is5j4.mongodb.net:27017

com.mongodb.MongoSocketReadException: Exception receiving message
	at com.mongodb.internal.connection.InternalStreamConnection.translateReadException(InternalStreamConnection.java:707) ~[mongodb-driver-core-4.4.2.jar:na]
	at com.mongodb.internal.connection.InternalStreamConnection.receiveMessageWithAdditionalTimeout(InternalStreamConnection.java:579) ~[mongodb-driver-core-4.4.2.jar:na]
	at com.mongodb.internal.connection.InternalStreamConnection.receiveCommandMessageResponse(InternalStreamConnection.java:415) ~[mongodb-driver-core-4.4.2.jar:na]
	at com.mongodb.internal.connection.InternalStreamConnection.receive(InternalStreamConnection.java:374) ~[mongodb-driver-core-4.4.2.jar:na]
	at com.mongodb.internal.connection.DefaultServerMonitor$ServerMonitorRunnable.lookupServerDescription(DefaultServerMonitor.java:216) ~[mongodb-driver-core-4.4.2.jar:na]
	at com.mongodb.internal.connection.DefaultServerMonitor$ServerMonitorRunnable.run(DefaultServerMonitor.java:152) ~[mongodb-driver-core-4.4.2.jar:na]
	at java.lang.Thread.run(Thread.java:748) [na:1.8.0_311]
Caused by: java.io.IOException: Se ha forzado la interrupcin de una conexin existente por el host remoto
	at sun.nio.ch.SocketDispatcher.read0(Native Method) ~[na:1.8.0_311]
	at sun.nio.ch.SocketDispatcher.read(SocketDispatcher.java:43) ~[na:1.8.0_311]
	at sun.nio.ch.IOUtil.readIntoNativeBuffer(IOUtil.java:223) ~[na:1.8.0_311]
	at sun.nio.ch.IOUtil.read(IOUtil.java:192) ~[na:1.8.0_311]
	at sun.nio.ch.SocketChannelImpl.read(SocketChannelImpl.java:378) ~[na:1.8.0_311]
	at io.netty.buffer.PooledByteBuf.setBytes(PooledByteBuf.java:258) ~[netty-buffer-4.1.75.Final.jar:4.1.75.Final]
	at io.netty.buffer.AbstractByteBuf.writeBytes(AbstractByteBuf.java:1132) ~[netty-buffer-4.1.75.Final.jar:4.1.75.Final]
	at io.netty.channel.socket.nio.NioSocketChannel.doReadBytes(NioSocketChannel.java:350) ~[netty-transport-4.1.75.Final.jar:4.1.75.Final]
	at io.netty.channel.nio.AbstractNioByteChannel$NioByteUnsafe.read(AbstractNioByteChannel.java:151) ~[netty-transport-4.1.75.Final.jar:4.1.75.Final]
	at io.netty.channel.nio.NioEventLoop.processSelectedKey(NioEventLoop.java:722) ~[netty-transport-4.1.75.Final.jar:4.1.75.Final]
	at io.netty.channel.nio.NioEventLoop.processSelectedKeysOptimized(NioEventLoop.java:658) ~[netty-transport-4.1.75.Final.jar:4.1.75.Final]
	at io.netty.channel.nio.NioEventLoop.processSelectedKeys(NioEventLoop.java:584) ~[netty-transport-4.1.75.Final.jar:4.1.75.Final]
	at io.netty.channel.nio.NioEventLoop.run(NioEventLoop.java:496) ~[netty-transport-4.1.75.Final.jar:4.1.75.Final]
	at io.netty.util.concurrent.SingleThreadEventExecutor$4.run(SingleThreadEventExecutor.java:986) ~[netty-common-4.1.75.Final.jar:4.1.75.Final]
	at io.netty.util.internal.ThreadExecutorMap$2.run(ThreadExecutorMap.java:74) ~[netty-common-4.1.75.Final.jar:4.1.75.Final]
	at io.netty.util.concurrent.FastThreadLocalRunnable.run(FastThreadLocalRunnable.java:30) ~[netty-common-4.1.75.Final.jar:4.1.75.Final]
	... 1 common frames omitted

2022-04-21 21:32:09.319  INFO 8404 --- [cluster-ClusterId{value='6261e247760f82430e2ba124', description='null'}-jespinoza-shard-00-02.is5j4.mongodb.net:27017] org.mongodb.driver.cluster               : Exception in monitor thread while connecting to server jespinoza-shard-00-02.is5j4.mongodb.net:27017

com.mongodb.MongoSocketReadException: Exception receiving message
	at com.mongodb.internal.connection.InternalStreamConnection.translateReadException(InternalStreamConnection.java:707) ~[mongodb-driver-core-4.4.2.jar:na]
	at com.mongodb.internal.connection.InternalStreamConnection.receiveMessageWithAdditionalTimeout(InternalStreamConnection.java:579) ~[mongodb-driver-core-4.4.2.jar:na]
	at com.mongodb.internal.connection.InternalStreamConnection.receiveCommandMessageResponse(InternalStreamConnection.java:415) ~[mongodb-driver-core-4.4.2.jar:na]
	at com.mongodb.internal.connection.InternalStreamConnection.receive(InternalStreamConnection.java:374) ~[mongodb-driver-core-4.4.2.jar:na]
	at com.mongodb.internal.connection.DefaultServerMonitor$ServerMonitorRunnable.lookupServerDescription(DefaultServerMonitor.java:216) ~[mongodb-driver-core-4.4.2.jar:na]
	at com.mongodb.internal.connection.DefaultServerMonitor$ServerMonitorRunnable.run(DefaultServerMonitor.java:152) ~[mongodb-driver-core-4.4.2.jar:na]
	at java.lang.Thread.run(Thread.java:748) [na:1.8.0_311]
Caused by: java.io.IOException: Se ha forzado la interrupcin de una conexin existente por el host remoto
	at sun.nio.ch.SocketDispatcher.read0(Native Method) ~[na:1.8.0_311]
	at sun.nio.ch.SocketDispatcher.read(SocketDispatcher.java:43) ~[na:1.8.0_311]
	at sun.nio.ch.IOUtil.readIntoNativeBuffer(IOUtil.java:223) ~[na:1.8.0_311]
	at sun.nio.ch.IOUtil.read(IOUtil.java:192) ~[na:1.8.0_311]
	at sun.nio.ch.SocketChannelImpl.read(SocketChannelImpl.java:378) ~[na:1.8.0_311]
	at io.netty.buffer.PooledByteBuf.setBytes(PooledByteBuf.java:258) ~[netty-buffer-4.1.75.Final.jar:4.1.75.Final]
	at io.netty.buffer.AbstractByteBuf.writeBytes(AbstractByteBuf.java:1132) ~[netty-buffer-4.1.75.Final.jar:4.1.75.Final]
	at io.netty.channel.socket.nio.NioSocketChannel.doReadBytes(NioSocketChannel.java:350) ~[netty-transport-4.1.75.Final.jar:4.1.75.Final]
	at io.netty.channel.nio.AbstractNioByteChannel$NioByteUnsafe.read(AbstractNioByteChannel.java:151) ~[netty-transport-4.1.75.Final.jar:4.1.75.Final]
	at io.netty.channel.nio.NioEventLoop.processSelectedKey(NioEventLoop.java:722) ~[netty-transport-4.1.75.Final.jar:4.1.75.Final]
	at io.netty.channel.nio.NioEventLoop.processSelectedKeysOptimized(NioEventLoop.java:658) ~[netty-transport-4.1.75.Final.jar:4.1.75.Final]
	at io.netty.channel.nio.NioEventLoop.processSelectedKeys(NioEventLoop.java:584) ~[netty-transport-4.1.75.Final.jar:4.1.75.Final]
	at io.netty.channel.nio.NioEventLoop.run(NioEventLoop.java:496) ~[netty-transport-4.1.75.Final.jar:4.1.75.Final]
	at io.netty.util.concurrent.SingleThreadEventExecutor$4.run(SingleThreadEventExecutor.java:986) ~[netty-common-4.1.75.Final.jar:4.1.75.Final]
	at io.netty.util.internal.ThreadExecutorMap$2.run(ThreadExecutorMap.java:74) ~[netty-common-4.1.75.Final.jar:4.1.75.Final]
	at io.netty.util.concurrent.FastThreadLocalRunnable.run(FastThreadLocalRunnable.java:30) ~[netty-common-4.1.75.Final.jar:4.1.75.Final]
	... 1 common frames omitted

2022-04-21 21:32:10.071  INFO 8404 --- [cluster-ClusterId{value='6261e247760f82430e2ba124', description='null'}-jespinoza-shard-00-01.is5j4.mongodb.net:27017] org.mongodb.driver.connection            : Opened connection [connectionId{localValue:47, serverValue:216719}] to jespinoza-shard-00-01.is5j4.mongodb.net:27017
2022-04-21 21:32:10.071  INFO 8404 --- [cluster-ClusterId{value='6261e247760f82430e2ba124', description='null'}-jespinoza-shard-00-01.is5j4.mongodb.net:27017] org.mongodb.driver.cluster               : Monitor thread successfully connected to server with description ServerDescription{address=jespinoza-shard-00-01.is5j4.mongodb.net:27017, type=REPLICA_SET_SECONDARY, state=CONNECTED, ok=true, minWireVersion=0, maxWireVersion=13, maxDocumentSize=16777216, logicalSessionTimeoutMinutes=30, roundTripTimeNanos=485984800, setName='atlas-ob43re-shard-0', canonicalAddress=jespinoza-shard-00-01.is5j4.mongodb.net:27017, hosts=[jespinoza-shard-00-00.is5j4.mongodb.net:27017, jespinoza-shard-00-02.is5j4.mongodb.net:27017, jespinoza-shard-00-01.is5j4.mongodb.net:27017], passives=[], arbiters=[], primary='jespinoza-shard-00-02.is5j4.mongodb.net:27017', tagSet=TagSet{[Tag{name='nodeType', value='ELECTABLE'}, Tag{name='provider', value='AWS'}, Tag{name='region', value='SA_EAST_1'}, Tag{name='workloadType', value='OPERATIONAL'}]}, electionId=null, setVersion=1, topologyVersion=TopologyVersion{processId=6255b3e0b4c5f71f47e9458f, counter=3}, lastWriteDate=Thu Apr 21 21:32:07 COT 2022, lastUpdateTimeNanos=20939737067300}
2022-04-21 21:32:10.093  INFO 8404 --- [cluster-ClusterId{value='6261e247760f82430e2ba124', description='null'}-jespinoza-shard-00-00.is5j4.mongodb.net:27017] org.mongodb.driver.connection            : Opened connection [connectionId{localValue:48, serverValue:217060}] to jespinoza-shard-00-00.is5j4.mongodb.net:27017
2022-04-21 21:32:10.093  INFO 8404 --- [cluster-ClusterId{value='6261e247760f82430e2ba124', description='null'}-jespinoza-shard-00-00.is5j4.mongodb.net:27017] org.mongodb.driver.cluster               : Monitor thread successfully connected to server with description ServerDescription{address=jespinoza-shard-00-00.is5j4.mongodb.net:27017, type=REPLICA_SET_SECONDARY, state=CONNECTED, ok=true, minWireVersion=0, maxWireVersion=13, maxDocumentSize=16777216, logicalSessionTimeoutMinutes=30, roundTripTimeNanos=479308700, setName='atlas-ob43re-shard-0', canonicalAddress=jespinoza-shard-00-00.is5j4.mongodb.net:27017, hosts=[jespinoza-shard-00-00.is5j4.mongodb.net:27017, jespinoza-shard-00-02.is5j4.mongodb.net:27017, jespinoza-shard-00-01.is5j4.mongodb.net:27017], passives=[], arbiters=[], primary='jespinoza-shard-00-02.is5j4.mongodb.net:27017', tagSet=TagSet{[Tag{name='nodeType', value='ELECTABLE'}, Tag{name='provider', value='AWS'}, Tag{name='region', value='SA_EAST_1'}, Tag{name='workloadType', value='OPERATIONAL'}]}, electionId=null, setVersion=1, topologyVersion=TopologyVersion{processId=6255b33eb2f8dd2ca44ad71c, counter=4}, lastWriteDate=Thu Apr 21 21:32:07 COT 2022, lastUpdateTimeNanos=20939758791900}
2022-04-21 21:32:10.234  INFO 8404 --- [cluster-ClusterId{value='6261e247760f82430e2ba124', description='null'}-jespinoza-shard-00-02.is5j4.mongodb.net:27017] org.mongodb.driver.connection            : Opened connection [connectionId{localValue:49, serverValue:220343}] to jespinoza-shard-00-02.is5j4.mongodb.net:27017
2022-04-21 21:32:10.234  INFO 8404 --- [cluster-ClusterId{value='6261e247760f82430e2ba124', description='null'}-jespinoza-shard-00-02.is5j4.mongodb.net:27017] org.mongodb.driver.cluster               : Monitor thread successfully connected to server with description ServerDescription{address=jespinoza-shard-00-02.is5j4.mongodb.net:27017, type=REPLICA_SET_PRIMARY, state=CONNECTED, ok=true, minWireVersion=0, maxWireVersion=13, maxDocumentSize=16777216, logicalSessionTimeoutMinutes=30, roundTripTimeNanos=494088800, setName='atlas-ob43re-shard-0', canonicalAddress=jespinoza-shard-00-02.is5j4.mongodb.net:27017, hosts=[jespinoza-shard-00-00.is5j4.mongodb.net:27017, jespinoza-shard-00-02.is5j4.mongodb.net:27017, jespinoza-shard-00-01.is5j4.mongodb.net:27017], passives=[], arbiters=[], primary='jespinoza-shard-00-02.is5j4.mongodb.net:27017', tagSet=TagSet{[Tag{name='nodeType', value='ELECTABLE'}, Tag{name='provider', value='AWS'}, Tag{name='region', value='SA_EAST_1'}, Tag{name='workloadType', value='OPERATIONAL'}]}, electionId=7fffffff0000000000000003, setVersion=1, topologyVersion=TopologyVersion{processId=6255b38fc0dee849605ed2e2, counter=6}, lastWriteDate=Thu Apr 21 21:32:07 COT 2022, lastUpdateTimeNanos=20939899611800}
2022-04-21 21:32:10.234  INFO 8404 --- [cluster-ClusterId{value='6261e247760f82430e2ba124', description='null'}-jespinoza-shard-00-02.is5j4.mongodb.net:27017] org.mongodb.driver.cluster               : Discovered replica set primary jespinoza-shard-00-02.is5j4.mongodb.net:27017
2022-04-21 21:32:34.260  INFO 8404 --- [cluster-rtt-ClusterId{value='6261e247760f82430e2ba124', description='null'}-jespinoza-shard-00-02.is5j4.mongodb.net:27017] org.mongodb.driver.connection            : Opened connection [connectionId{localValue:50, serverValue:220337}] to jespinoza-shard-00-02.is5j4.mongodb.net:27017
2022-04-21 21:32:34.813  INFO 8404 --- [cluster-rtt-ClusterId{value='6261e247760f82430e2ba124', description='null'}-jespinoza-shard-00-00.is5j4.mongodb.net:27017] org.mongodb.driver.connection            : Opened connection [connectionId{localValue:51, serverValue:217069}] to jespinoza-shard-00-00.is5j4.mongodb.net:27017
2022-04-21 21:32:35.515  INFO 8404 --- [cluster-rtt-ClusterId{value='6261e247760f82430e2ba124', description='null'}-jespinoza-shard-00-01.is5j4.mongodb.net:27017] org.mongodb.driver.connection            : Opened connection [connectionId{localValue:52, serverValue:216728}] to jespinoza-shard-00-01.is5j4.mongodb.net:27017
2022-04-21 22:35:25.143  INFO 8404 --- [cluster-ClusterId{value='6261e247760f82430e2ba124', description='null'}-jespinoza-shard-00-02.is5j4.mongodb.net:27017] org.mongodb.driver.cluster               : Exception in monitor thread while connecting to server jespinoza-shard-00-02.is5j4.mongodb.net:27017

com.mongodb.MongoSocketReadTimeoutException: Timeout while receiving message
	at com.mongodb.connection.netty.NettyStream$InboundBufferHandler.exceptionCaught(NettyStream.java:427) ~[mongodb-driver-core-4.4.2.jar:na]
	at io.netty.channel.AbstractChannelHandlerContext.invokeExceptionCaught(AbstractChannelHandlerContext.java:302) ~[netty-transport-4.1.75.Final.jar:4.1.75.Final]
	at io.netty.channel.AbstractChannelHandlerContext.invokeExceptionCaught(AbstractChannelHandlerContext.java:281) ~[netty-transport-4.1.75.Final.jar:4.1.75.Final]
	at io.netty.channel.AbstractChannelHandlerContext.fireExceptionCaught(AbstractChannelHandlerContext.java:273) ~[netty-transport-4.1.75.Final.jar:4.1.75.Final]
	at com.mongodb.connection.netty.NettyStream$ReadTimeoutTask.run(NettyStream.java:564) ~[mongodb-driver-core-4.4.2.jar:na]
	at io.netty.util.concurrent.PromiseTask.runTask(PromiseTask.java:98) ~[netty-common-4.1.75.Final.jar:4.1.75.Final]
	at io.netty.util.concurrent.ScheduledFutureTask.run(ScheduledFutureTask.java:170) ~[netty-common-4.1.75.Final.jar:4.1.75.Final]
	at io.netty.util.concurrent.AbstractEventExecutor.safeExecute(AbstractEventExecutor.java:164) ~[netty-common-4.1.75.Final.jar:4.1.75.Final]
	at io.netty.util.concurrent.SingleThreadEventExecutor.runAllTasks(SingleThreadEventExecutor.java:469) ~[netty-common-4.1.75.Final.jar:4.1.75.Final]
	at io.netty.channel.nio.NioEventLoop.run(NioEventLoop.java:503) ~[netty-transport-4.1.75.Final.jar:4.1.75.Final]
	at io.netty.util.concurrent.SingleThreadEventExecutor$4.run(SingleThreadEventExecutor.java:986) ~[netty-common-4.1.75.Final.jar:4.1.75.Final]
	at io.netty.util.internal.ThreadExecutorMap$2.run(ThreadExecutorMap.java:74) ~[netty-common-4.1.75.Final.jar:4.1.75.Final]
	at io.netty.util.concurrent.FastThreadLocalRunnable.run(FastThreadLocalRunnable.java:30) ~[netty-common-4.1.75.Final.jar:4.1.75.Final]
	at java.lang.Thread.run(Thread.java:748) [na:1.8.0_311]
Caused by: io.netty.handler.timeout.ReadTimeoutException: null

2022-04-21 22:35:25.144  INFO 8404 --- [cluster-ClusterId{value='6261e247760f82430e2ba124', description='null'}-jespinoza-shard-00-01.is5j4.mongodb.net:27017] org.mongodb.driver.cluster               : Exception in monitor thread while connecting to server jespinoza-shard-00-01.is5j4.mongodb.net:27017

com.mongodb.MongoSocketReadTimeoutException: Timeout while receiving message
	at com.mongodb.connection.netty.NettyStream$InboundBufferHandler.exceptionCaught(NettyStream.java:427) ~[mongodb-driver-core-4.4.2.jar:na]
	at io.netty.channel.AbstractChannelHandlerContext.invokeExceptionCaught(AbstractChannelHandlerContext.java:302) ~[netty-transport-4.1.75.Final.jar:4.1.75.Final]
	at io.netty.channel.AbstractChannelHandlerContext.invokeExceptionCaught(AbstractChannelHandlerContext.java:281) ~[netty-transport-4.1.75.Final.jar:4.1.75.Final]
	at io.netty.channel.AbstractChannelHandlerContext.fireExceptionCaught(AbstractChannelHandlerContext.java:273) ~[netty-transport-4.1.75.Final.jar:4.1.75.Final]
	at com.mongodb.connection.netty.NettyStream$ReadTimeoutTask.run(NettyStream.java:564) ~[mongodb-driver-core-4.4.2.jar:na]
	at io.netty.util.concurrent.PromiseTask.runTask(PromiseTask.java:98) ~[netty-common-4.1.75.Final.jar:4.1.75.Final]
	at io.netty.util.concurrent.ScheduledFutureTask.run(ScheduledFutureTask.java:170) ~[netty-common-4.1.75.Final.jar:4.1.75.Final]
	at io.netty.util.concurrent.AbstractEventExecutor.safeExecute(AbstractEventExecutor.java:164) ~[netty-common-4.1.75.Final.jar:4.1.75.Final]
	at io.netty.util.concurrent.SingleThreadEventExecutor.runAllTasks(SingleThreadEventExecutor.java:469) ~[netty-common-4.1.75.Final.jar:4.1.75.Final]
	at io.netty.channel.nio.NioEventLoop.run(NioEventLoop.java:503) ~[netty-transport-4.1.75.Final.jar:4.1.75.Final]
	at io.netty.util.concurrent.SingleThreadEventExecutor$4.run(SingleThreadEventExecutor.java:986) ~[netty-common-4.1.75.Final.jar:4.1.75.Final]
	at io.netty.util.internal.ThreadExecutorMap$2.run(ThreadExecutorMap.java:74) ~[netty-common-4.1.75.Final.jar:4.1.75.Final]
	at io.netty.util.concurrent.FastThreadLocalRunnable.run(FastThreadLocalRunnable.java:30) ~[netty-common-4.1.75.Final.jar:4.1.75.Final]
	at java.lang.Thread.run(Thread.java:748) [na:1.8.0_311]
Caused by: io.netty.handler.timeout.ReadTimeoutException: null

2022-04-21 22:35:25.145  INFO 8404 --- [cluster-ClusterId{value='6261e247760f82430e2ba124', description='null'}-jespinoza-shard-00-00.is5j4.mongodb.net:27017] org.mongodb.driver.cluster               : Exception in monitor thread while connecting to server jespinoza-shard-00-00.is5j4.mongodb.net:27017

com.mongodb.MongoSocketReadTimeoutException: Timeout while receiving message
	at com.mongodb.connection.netty.NettyStream$InboundBufferHandler.exceptionCaught(NettyStream.java:427) ~[mongodb-driver-core-4.4.2.jar:na]
	at io.netty.channel.AbstractChannelHandlerContext.invokeExceptionCaught(AbstractChannelHandlerContext.java:302) ~[netty-transport-4.1.75.Final.jar:4.1.75.Final]
	at io.netty.channel.AbstractChannelHandlerContext.invokeExceptionCaught(AbstractChannelHandlerContext.java:281) ~[netty-transport-4.1.75.Final.jar:4.1.75.Final]
	at io.netty.channel.AbstractChannelHandlerContext.fireExceptionCaught(AbstractChannelHandlerContext.java:273) ~[netty-transport-4.1.75.Final.jar:4.1.75.Final]
	at com.mongodb.connection.netty.NettyStream$ReadTimeoutTask.run(NettyStream.java:564) ~[mongodb-driver-core-4.4.2.jar:na]
	at io.netty.util.concurrent.PromiseTask.runTask(PromiseTask.java:98) ~[netty-common-4.1.75.Final.jar:4.1.75.Final]
	at io.netty.util.concurrent.ScheduledFutureTask.run(ScheduledFutureTask.java:170) ~[netty-common-4.1.75.Final.jar:4.1.75.Final]
	at io.netty.util.concurrent.AbstractEventExecutor.safeExecute(AbstractEventExecutor.java:164) ~[netty-common-4.1.75.Final.jar:4.1.75.Final]
	at io.netty.util.concurrent.SingleThreadEventExecutor.runAllTasks(SingleThreadEventExecutor.java:469) ~[netty-common-4.1.75.Final.jar:4.1.75.Final]
	at io.netty.channel.nio.NioEventLoop.run(NioEventLoop.java:503) ~[netty-transport-4.1.75.Final.jar:4.1.75.Final]
	at io.netty.util.concurrent.SingleThreadEventExecutor$4.run(SingleThreadEventExecutor.java:986) ~[netty-common-4.1.75.Final.jar:4.1.75.Final]
	at io.netty.util.internal.ThreadExecutorMap$2.run(ThreadExecutorMap.java:74) ~[netty-common-4.1.75.Final.jar:4.1.75.Final]
	at io.netty.util.concurrent.FastThreadLocalRunnable.run(FastThreadLocalRunnable.java:30) ~[netty-common-4.1.75.Final.jar:4.1.75.Final]
	at java.lang.Thread.run(Thread.java:748) [na:1.8.0_311]
Caused by: io.netty.handler.timeout.ReadTimeoutException: null

2022-04-21 22:35:25.796  INFO 8404 --- [cluster-ClusterId{value='6261e247760f82430e2ba124', description='null'}-jespinoza-shard-00-00.is5j4.mongodb.net:27017] org.mongodb.driver.connection            : Opened connection [connectionId{localValue:55, serverValue:217996}] to jespinoza-shard-00-00.is5j4.mongodb.net:27017
2022-04-21 22:35:25.797  INFO 8404 --- [cluster-ClusterId{value='6261e247760f82430e2ba124', description='null'}-jespinoza-shard-00-00.is5j4.mongodb.net:27017] org.mongodb.driver.cluster               : Monitor thread successfully connected to server with description ServerDescription{address=jespinoza-shard-00-00.is5j4.mongodb.net:27017, type=REPLICA_SET_SECONDARY, state=CONNECTED, ok=true, minWireVersion=0, maxWireVersion=13, maxDocumentSize=16777216, logicalSessionTimeoutMinutes=30, roundTripTimeNanos=483192700, setName='atlas-ob43re-shard-0', canonicalAddress=jespinoza-shard-00-00.is5j4.mongodb.net:27017, hosts=[jespinoza-shard-00-00.is5j4.mongodb.net:27017, jespinoza-shard-00-02.is5j4.mongodb.net:27017, jespinoza-shard-00-01.is5j4.mongodb.net:27017], passives=[], arbiters=[], primary='jespinoza-shard-00-02.is5j4.mongodb.net:27017', tagSet=TagSet{[Tag{name='nodeType', value='ELECTABLE'}, Tag{name='provider', value='AWS'}, Tag{name='region', value='SA_EAST_1'}, Tag{name='workloadType', value='OPERATIONAL'}]}, electionId=null, setVersion=1, topologyVersion=TopologyVersion{processId=6255b33eb2f8dd2ca44ad71c, counter=4}, lastWriteDate=Thu Apr 21 22:35:09 COT 2022, lastUpdateTimeNanos=24735462560600}
2022-04-21 22:35:26.103  INFO 8404 --- [cluster-ClusterId{value='6261e247760f82430e2ba124', description='null'}-jespinoza-shard-00-02.is5j4.mongodb.net:27017] org.mongodb.driver.connection            : Opened connection [connectionId{localValue:53, serverValue:221276}] to jespinoza-shard-00-02.is5j4.mongodb.net:27017
2022-04-21 22:35:26.103  INFO 8404 --- [cluster-ClusterId{value='6261e247760f82430e2ba124', description='null'}-jespinoza-shard-00-02.is5j4.mongodb.net:27017] org.mongodb.driver.cluster               : Monitor thread successfully connected to server with description ServerDescription{address=jespinoza-shard-00-02.is5j4.mongodb.net:27017, type=REPLICA_SET_PRIMARY, state=CONNECTED, ok=true, minWireVersion=0, maxWireVersion=13, maxDocumentSize=16777216, logicalSessionTimeoutMinutes=30, roundTripTimeNanos=478033300, setName='atlas-ob43re-shard-0', canonicalAddress=jespinoza-shard-00-02.is5j4.mongodb.net:27017, hosts=[jespinoza-shard-00-00.is5j4.mongodb.net:27017, jespinoza-shard-00-02.is5j4.mongodb.net:27017, jespinoza-shard-00-01.is5j4.mongodb.net:27017], passives=[], arbiters=[], primary='jespinoza-shard-00-02.is5j4.mongodb.net:27017', tagSet=TagSet{[Tag{name='nodeType', value='ELECTABLE'}, Tag{name='provider', value='AWS'}, Tag{name='region', value='SA_EAST_1'}, Tag{name='workloadType', value='OPERATIONAL'}]}, electionId=7fffffff0000000000000003, setVersion=1, topologyVersion=TopologyVersion{processId=6255b38fc0dee849605ed2e2, counter=6}, lastWriteDate=Thu Apr 21 22:35:09 COT 2022, lastUpdateTimeNanos=24735769056200}
2022-04-21 22:35:26.103  INFO 8404 --- [cluster-ClusterId{value='6261e247760f82430e2ba124', description='null'}-jespinoza-shard-00-02.is5j4.mongodb.net:27017] org.mongodb.driver.cluster               : Discovered replica set primary jespinoza-shard-00-02.is5j4.mongodb.net:27017
2022-04-21 22:35:26.112  INFO 8404 --- [cluster-ClusterId{value='6261e247760f82430e2ba124', description='null'}-jespinoza-shard-00-01.is5j4.mongodb.net:27017] org.mongodb.driver.connection            : Opened connection [connectionId{localValue:54, serverValue:217648}] to jespinoza-shard-00-01.is5j4.mongodb.net:27017
2022-04-21 22:35:26.112  INFO 8404 --- [cluster-ClusterId{value='6261e247760f82430e2ba124', description='null'}-jespinoza-shard-00-01.is5j4.mongodb.net:27017] org.mongodb.driver.cluster               : Monitor thread successfully connected to server with description ServerDescription{address=jespinoza-shard-00-01.is5j4.mongodb.net:27017, type=REPLICA_SET_SECONDARY, state=CONNECTED, ok=true, minWireVersion=0, maxWireVersion=13, maxDocumentSize=16777216, logicalSessionTimeoutMinutes=30, roundTripTimeNanos=487117600, setName='atlas-ob43re-shard-0', canonicalAddress=jespinoza-shard-00-01.is5j4.mongodb.net:27017, hosts=[jespinoza-shard-00-00.is5j4.mongodb.net:27017, jespinoza-shard-00-02.is5j4.mongodb.net:27017, jespinoza-shard-00-01.is5j4.mongodb.net:27017], passives=[], arbiters=[], primary='jespinoza-shard-00-02.is5j4.mongodb.net:27017', tagSet=TagSet{[Tag{name='nodeType', value='ELECTABLE'}, Tag{name='provider', value='AWS'}, Tag{name='region', value='SA_EAST_1'}, Tag{name='workloadType', value='OPERATIONAL'}]}, electionId=null, setVersion=1, topologyVersion=TopologyVersion{processId=6255b3e0b4c5f71f47e9458f, counter=3}, lastWriteDate=Thu Apr 21 22:35:09 COT 2022, lastUpdateTimeNanos=24735778409000}
2022-04-21 22:35:32.461  INFO 8404 --- [cluster-rtt-ClusterId{value='6261e247760f82430e2ba124', description='null'}-jespinoza-shard-00-02.is5j4.mongodb.net:27017] org.mongodb.driver.connection            : Opened connection [connectionId{localValue:56, serverValue:221288}] to jespinoza-shard-00-02.is5j4.mongodb.net:27017
2022-04-21 22:35:32.984  INFO 8404 --- [cluster-rtt-ClusterId{value='6261e247760f82430e2ba124', description='null'}-jespinoza-shard-00-00.is5j4.mongodb.net:27017] org.mongodb.driver.connection            : Opened connection [connectionId{localValue:57, serverValue:218000}] to jespinoza-shard-00-00.is5j4.mongodb.net:27017
2022-04-21 22:35:33.654  INFO 8404 --- [cluster-rtt-ClusterId{value='6261e247760f82430e2ba124', description='null'}-jespinoza-shard-00-01.is5j4.mongodb.net:27017] org.mongodb.driver.connection            : Opened connection [connectionId{localValue:58, serverValue:217664}] to jespinoza-shard-00-01.is5j4.mongodb.net:27017
2022-04-21 22:35:53.666  INFO 8404 --- [AsyncResolver-bootstrap-executor-0] c.n.d.s.r.aws.ConfigClusterResolver      : Resolving eureka endpoints via configuration
2022-04-21 22:40:53.676  INFO 8404 --- [AsyncResolver-bootstrap-executor-0] c.n.d.s.r.aws.ConfigClusterResolver      : Resolving eureka endpoints via configuration
2022-04-21 22:45:53.679  INFO 8404 --- [AsyncResolver-bootstrap-executor-0] c.n.d.s.r.aws.ConfigClusterResolver      : Resolving eureka endpoints via configuration
2022-04-21 22:50:53.693  INFO 8404 --- [AsyncResolver-bootstrap-executor-0] c.n.d.s.r.aws.ConfigClusterResolver      : Resolving eureka endpoints via configuration
2022-04-21 22:55:53.707  INFO 8404 --- [AsyncResolver-bootstrap-executor-0] c.n.d.s.r.aws.ConfigClusterResolver      : Resolving eureka endpoints via configuration
2022-04-21 23:00:53.709  INFO 8404 --- [AsyncResolver-bootstrap-executor-0] c.n.d.s.r.aws.ConfigClusterResolver      : Resolving eureka endpoints via configuration
2022-04-21 23:05:53.721  INFO 8404 --- [AsyncResolver-bootstrap-executor-0] c.n.d.s.r.aws.ConfigClusterResolver      : Resolving eureka endpoints via configuration
2022-04-21 23:10:53.733  INFO 8404 --- [AsyncResolver-bootstrap-executor-0] c.n.d.s.r.aws.ConfigClusterResolver      : Resolving eureka endpoints via configuration
2022-04-21 23:15:53.741  INFO 8404 --- [AsyncResolver-bootstrap-executor-0] c.n.d.s.r.aws.ConfigClusterResolver      : Resolving eureka endpoints via configuration
2022-04-21 23:20:53.748  INFO 8404 --- [AsyncResolver-bootstrap-executor-0] c.n.d.s.r.aws.ConfigClusterResolver      : Resolving eureka endpoints via configuration
2022-04-21 23:25:53.760  INFO 8404 --- [AsyncResolver-bootstrap-executor-0] c.n.d.s.r.aws.ConfigClusterResolver      : Resolving eureka endpoints via configuration
2022-04-21 23:30:53.766  INFO 8404 --- [AsyncResolver-bootstrap-executor-0] c.n.d.s.r.aws.ConfigClusterResolver      : Resolving eureka endpoints via configuration
2022-04-21 23:35:53.778  INFO 8404 --- [AsyncResolver-bootstrap-executor-0] c.n.d.s.r.aws.ConfigClusterResolver      : Resolving eureka endpoints via configuration
2022-04-21 23:40:53.785  INFO 8404 --- [AsyncResolver-bootstrap-executor-0] c.n.d.s.r.aws.ConfigClusterResolver      : Resolving eureka endpoints via configuration
2022-04-21 23:45:53.794  INFO 8404 --- [AsyncResolver-bootstrap-executor-0] c.n.d.s.r.aws.ConfigClusterResolver      : Resolving eureka endpoints via configuration
2022-04-21 23:50:53.804  INFO 8404 --- [AsyncResolver-bootstrap-executor-0] c.n.d.s.r.aws.ConfigClusterResolver      : Resolving eureka endpoints via configuration
2022-04-21 23:55:53.810  INFO 8404 --- [AsyncResolver-bootstrap-executor-0] c.n.d.s.r.aws.ConfigClusterResolver      : Resolving eureka endpoints via configuration
