2022-04-21 16:33:29.760  INFO 8404 --- [AsyncResolver-bootstrap-executor-0] c.n.d.s.r.aws.ConfigClusterResolver      : Resolving eureka endpoints via configuration
2022-04-21 16:38:29.770  INFO 8404 --- [AsyncResolver-bootstrap-executor-0] c.n.d.s.r.aws.ConfigClusterResolver      : Resolving eureka endpoints via configuration
2022-04-21 16:43:29.784  INFO 8404 --- [AsyncResolver-bootstrap-executor-0] c.n.d.s.r.aws.ConfigClusterResolver      : Resolving eureka endpoints via configuration
2022-04-21 16:48:29.793  INFO 8404 --- [AsyncResolver-bootstrap-executor-0] c.n.d.s.r.aws.ConfigClusterResolver      : Resolving eureka endpoints via configuration
2022-04-21 16:53:29.802  INFO 8404 --- [AsyncResolver-bootstrap-executor-0] c.n.d.s.r.aws.ConfigClusterResolver      : Resolving eureka endpoints via configuration
2022-04-21 16:58:29.817  INFO 8404 --- [AsyncResolver-bootstrap-executor-0] c.n.d.s.r.aws.ConfigClusterResolver      : Resolving eureka endpoints via configuration
2022-04-21 17:03:29.821  INFO 8404 --- [AsyncResolver-bootstrap-executor-0] c.n.d.s.r.aws.ConfigClusterResolver      : Resolving eureka endpoints via configuration
2022-04-21 17:08:29.828  INFO 8404 --- [AsyncResolver-bootstrap-executor-0] c.n.d.s.r.aws.ConfigClusterResolver      : Resolving eureka endpoints via configuration
2022-04-21 17:13:29.840  INFO 8404 --- [AsyncResolver-bootstrap-executor-0] c.n.d.s.r.aws.ConfigClusterResolver      : Resolving eureka endpoints via configuration
2022-04-21 17:18:29.849  INFO 8404 --- [AsyncResolver-bootstrap-executor-0] c.n.d.s.r.aws.ConfigClusterResolver      : Resolving eureka endpoints via configuration
2022-04-21 17:23:29.857  INFO 8404 --- [AsyncResolver-bootstrap-executor-0] c.n.d.s.r.aws.ConfigClusterResolver      : Resolving eureka endpoints via configuration
2022-04-21 17:28:29.860  INFO 8404 --- [AsyncResolver-bootstrap-executor-0] c.n.d.s.r.aws.ConfigClusterResolver      : Resolving eureka endpoints via configuration
2022-04-21 17:33:29.863  INFO 8404 --- [AsyncResolver-bootstrap-executor-0] c.n.d.s.r.aws.ConfigClusterResolver      : Resolving eureka endpoints via configuration
2022-04-21 17:36:05.467  INFO 8404 --- [Thread-51] o.s.c.n.e.s.EurekaServiceRegistry        : Unregistering application BANKING-CREDIT-SERVICE with eureka with status DOWN
2022-04-21 17:36:05.467  INFO 8404 --- [Thread-51] com.netflix.discovery.DiscoveryClient    : Saw local status change event StatusChangeEvent [timestamp=1650580565467, current=DOWN, previous=UP]
2022-04-21 17:36:05.468  INFO 8404 --- [DiscoveryClient-InstanceInfoReplicator-0] com.netflix.discovery.DiscoveryClient    : DiscoveryClient_BANKING-CREDIT-SERVICE/LIM-6YYN4M3.usersad.everis.int:banking-credit-service:8084: registering service...
2022-04-21 17:36:05.477  INFO 8404 --- [DiscoveryClient-InstanceInfoReplicator-0] com.netflix.discovery.DiscoveryClient    : DiscoveryClient_BANKING-CREDIT-SERVICE/LIM-6YYN4M3.usersad.everis.int:banking-credit-service:8084 - registration status: 204
2022-04-21 17:36:09.791  INFO 8404 --- [Thread-51] com.netflix.discovery.DiscoveryClient    : Shutting down DiscoveryClient ...
2022-04-21 17:36:12.794  INFO 8404 --- [Thread-51] com.netflix.discovery.DiscoveryClient    : Unregistering ...
2022-04-21 17:36:12.809  INFO 8404 --- [Thread-51] com.netflix.discovery.DiscoveryClient    : DiscoveryClient_BANKING-CREDIT-SERVICE/LIM-6YYN4M3.usersad.everis.int:banking-credit-service:8084 - deregister  status: 200
2022-04-21 17:36:12.813  INFO 8404 --- [Thread-51] com.netflix.discovery.DiscoveryClient    : Completed shut down of DiscoveryClient
2022-04-21 17:54:24.382  INFO 8404 --- [restartedMain] .b.c.s.a.BankingCreditServiceApplication : No active profile set, falling back to 1 default profile: "default"
2022-04-21 17:54:24.653  INFO 8404 --- [restartedMain] .s.d.r.c.RepositoryConfigurationDelegate : Bootstrapping Spring Data Reactive MongoDB repositories in DEFAULT mode.
2022-04-21 17:54:24.665  INFO 8404 --- [restartedMain] .s.d.r.c.RepositoryConfigurationDelegate : Finished Spring Data repository scanning in 11 ms. Found 1 Reactive MongoDB repository interfaces.
2022-04-21 17:54:24.729  INFO 8404 --- [restartedMain] o.s.cloud.context.scope.GenericScope     : BeanFactory id=e9f3e643-479b-3a37-9b30-fe5e4e608be7
2022-04-21 17:54:24.740  INFO 8404 --- [restartedMain] trationDelegate$BeanPostProcessorChecker : Bean 'org.springframework.cloud.client.loadbalancer.reactive.LoadBalancerBeanPostProcessorAutoConfiguration' of type [org.springframework.cloud.client.loadbalancer.reactive.LoadBalancerBeanPostProcessorAutoConfiguration] is not eligible for getting processed by all BeanPostProcessors (for example: not eligible for auto-proxying)
2022-04-21 17:54:24.740  INFO 8404 --- [restartedMain] trationDelegate$BeanPostProcessorChecker : Bean 'org.springframework.cloud.client.loadbalancer.reactive.LoadBalancerBeanPostProcessorAutoConfiguration$ReactorDeferringLoadBalancerFilterConfig' of type [org.springframework.cloud.client.loadbalancer.reactive.LoadBalancerBeanPostProcessorAutoConfiguration$ReactorDeferringLoadBalancerFilterConfig] is not eligible for getting processed by all BeanPostProcessors (for example: not eligible for auto-proxying)
2022-04-21 17:54:24.741  INFO 8404 --- [restartedMain] trationDelegate$BeanPostProcessorChecker : Bean 'reactorDeferringLoadBalancerExchangeFilterFunction' of type [org.springframework.cloud.client.loadbalancer.reactive.DeferringLoadBalancerExchangeFilterFunction] is not eligible for getting processed by all BeanPostProcessors (for example: not eligible for auto-proxying)
2022-04-21 17:54:26.935  INFO 8404 --- [restartedMain] org.mongodb.driver.cluster               : Cluster created with settings {hosts=[127.0.0.1:27017], srvHost=jespinoza.is5j4.mongodb.net, mode=MULTIPLE, requiredClusterType=REPLICA_SET, serverSelectionTimeout='30000 ms', requiredReplicaSetName='atlas-ob43re-shard-0'}
2022-04-21 17:54:29.088  INFO 8404 --- [cluster-ClusterId{value='6261e0a2760f82430e2ba122', description='null'}-srv-jespinoza.is5j4.mongodb.net] org.mongodb.driver.cluster               : Adding discovered server jespinoza-shard-00-01.is5j4.mongodb.net:27017 to client view of cluster
2022-04-21 17:54:29.090  INFO 8404 --- [cluster-ClusterId{value='6261e0a2760f82430e2ba122', description='null'}-srv-jespinoza.is5j4.mongodb.net] org.mongodb.driver.cluster               : Adding discovered server jespinoza-shard-00-02.is5j4.mongodb.net:27017 to client view of cluster
2022-04-21 17:54:29.091  INFO 8404 --- [cluster-ClusterId{value='6261e0a2760f82430e2ba122', description='null'}-srv-jespinoza.is5j4.mongodb.net] org.mongodb.driver.cluster               : Adding discovered server jespinoza-shard-00-00.is5j4.mongodb.net:27017 to client view of cluster
2022-04-21 17:54:29.110  WARN 8404 --- [restartedMain] o.s.data.convert.CustomConversions       : Registering converter from class java.time.LocalDateTime to class org.joda.time.LocalDateTime as reading converter although it doesn't convert from a store-supported type! You might want to check your annotation setup at the converter implementation.
2022-04-21 17:54:29.130  WARN 8404 --- [restartedMain] o.s.b.d.a.OptionalLiveReloadServer       : Unable to start LiveReload server
2022-04-21 17:54:29.140  WARN 8404 --- [restartedMain] o.s.data.convert.CustomConversions       : Registering converter from class java.time.LocalDateTime to class org.joda.time.LocalDateTime as reading converter although it doesn't convert from a store-supported type! You might want to check your annotation setup at the converter implementation.
2022-04-21 17:54:29.591  INFO 8404 --- [restartedMain] o.s.b.a.e.web.EndpointLinksResolver      : Exposing 17 endpoint(s) beneath base path '/actuator'
2022-04-21 17:54:29.808  INFO 8404 --- [cluster-rtt-ClusterId{value='6261e0a2760f82430e2ba122', description='null'}-jespinoza-shard-00-01.is5j4.mongodb.net:27017] org.mongodb.driver.connection            : Opened connection [connectionId{localValue:30, serverValue:213277}] to jespinoza-shard-00-01.is5j4.mongodb.net:27017
2022-04-21 17:54:29.834  INFO 8404 --- [cluster-ClusterId{value='6261e0a2760f82430e2ba122', description='null'}-jespinoza-shard-00-01.is5j4.mongodb.net:27017] org.mongodb.driver.connection            : Opened connection [connectionId{localValue:29, serverValue:213277}] to jespinoza-shard-00-01.is5j4.mongodb.net:27017
2022-04-21 17:54:29.835  INFO 8404 --- [cluster-ClusterId{value='6261e0a2760f82430e2ba122', description='null'}-jespinoza-shard-00-01.is5j4.mongodb.net:27017] org.mongodb.driver.cluster               : Monitor thread successfully connected to server with description ServerDescription{address=jespinoza-shard-00-01.is5j4.mongodb.net:27017, type=REPLICA_SET_SECONDARY, state=CONNECTED, ok=true, minWireVersion=0, maxWireVersion=13, maxDocumentSize=16777216, logicalSessionTimeoutMinutes=30, roundTripTimeNanos=461017300, setName='atlas-ob43re-shard-0', canonicalAddress=jespinoza-shard-00-01.is5j4.mongodb.net:27017, hosts=[jespinoza-shard-00-00.is5j4.mongodb.net:27017, jespinoza-shard-00-02.is5j4.mongodb.net:27017, jespinoza-shard-00-01.is5j4.mongodb.net:27017], passives=[], arbiters=[], primary='jespinoza-shard-00-02.is5j4.mongodb.net:27017', tagSet=TagSet{[Tag{name='nodeType', value='ELECTABLE'}, Tag{name='provider', value='AWS'}, Tag{name='region', value='SA_EAST_1'}, Tag{name='workloadType', value='OPERATIONAL'}]}, electionId=null, setVersion=1, topologyVersion=TopologyVersion{processId=6255b3e0b4c5f71f47e9458f, counter=3}, lastWriteDate=Thu Apr 21 17:54:27 COT 2022, lastUpdateTimeNanos=7879500099300}
2022-04-21 17:54:29.844  INFO 8404 --- [cluster-rtt-ClusterId{value='6261e0a2760f82430e2ba122', description='null'}-jespinoza-shard-00-02.is5j4.mongodb.net:27017] org.mongodb.driver.connection            : Opened connection [connectionId{localValue:32, serverValue:216891}] to jespinoza-shard-00-02.is5j4.mongodb.net:27017
2022-04-21 17:54:29.852  INFO 8404 --- [restartedMain] DiscoveryClientOptionalArgsConfiguration : Eureka HTTP Client uses RestTemplate.
2022-04-21 17:54:29.858  INFO 8404 --- [cluster-ClusterId{value='6261e0a2760f82430e2ba122', description='null'}-jespinoza-shard-00-00.is5j4.mongodb.net:27017] org.mongodb.driver.connection            : Opened connection [connectionId{localValue:33, serverValue:213620}] to jespinoza-shard-00-00.is5j4.mongodb.net:27017
2022-04-21 17:54:29.859  INFO 8404 --- [cluster-ClusterId{value='6261e0a2760f82430e2ba122', description='null'}-jespinoza-shard-00-00.is5j4.mongodb.net:27017] org.mongodb.driver.cluster               : Monitor thread successfully connected to server with description ServerDescription{address=jespinoza-shard-00-00.is5j4.mongodb.net:27017, type=REPLICA_SET_SECONDARY, state=CONNECTED, ok=true, minWireVersion=0, maxWireVersion=13, maxDocumentSize=16777216, logicalSessionTimeoutMinutes=30, roundTripTimeNanos=445829000, setName='atlas-ob43re-shard-0', canonicalAddress=jespinoza-shard-00-00.is5j4.mongodb.net:27017, hosts=[jespinoza-shard-00-00.is5j4.mongodb.net:27017, jespinoza-shard-00-02.is5j4.mongodb.net:27017, jespinoza-shard-00-01.is5j4.mongodb.net:27017], passives=[], arbiters=[], primary='jespinoza-shard-00-02.is5j4.mongodb.net:27017', tagSet=TagSet{[Tag{name='nodeType', value='ELECTABLE'}, Tag{name='provider', value='AWS'}, Tag{name='region', value='SA_EAST_1'}, Tag{name='workloadType', value='OPERATIONAL'}]}, electionId=null, setVersion=1, topologyVersion=TopologyVersion{processId=6255b33eb2f8dd2ca44ad71c, counter=4}, lastWriteDate=Thu Apr 21 17:54:27 COT 2022, lastUpdateTimeNanos=7879524110800}
2022-04-21 17:54:29.871  WARN 8404 --- [restartedMain] iguration$LoadBalancerCaffeineWarnLogger : Spring Cloud LoadBalancer is currently working with the default cache. While this cache implementation is useful for development and tests, it's recommended to use Caffeine cache in production.You can switch to using Caffeine cache, by adding it and org.springframework.cache.caffeine.CaffeineCacheManager to the classpath.
2022-04-21 17:54:29.878  INFO 8404 --- [cluster-ClusterId{value='6261e0a2760f82430e2ba122', description='null'}-jespinoza-shard-00-02.is5j4.mongodb.net:27017] org.mongodb.driver.connection            : Opened connection [connectionId{localValue:31, serverValue:216891}] to jespinoza-shard-00-02.is5j4.mongodb.net:27017
2022-04-21 17:54:29.878  INFO 8404 --- [cluster-ClusterId{value='6261e0a2760f82430e2ba122', description='null'}-jespinoza-shard-00-02.is5j4.mongodb.net:27017] org.mongodb.driver.cluster               : Monitor thread successfully connected to server with description ServerDescription{address=jespinoza-shard-00-02.is5j4.mongodb.net:27017, type=REPLICA_SET_PRIMARY, state=CONNECTED, ok=true, minWireVersion=0, maxWireVersion=13, maxDocumentSize=16777216, logicalSessionTimeoutMinutes=30, roundTripTimeNanos=475690500, setName='atlas-ob43re-shard-0', canonicalAddress=jespinoza-shard-00-02.is5j4.mongodb.net:27017, hosts=[jespinoza-shard-00-00.is5j4.mongodb.net:27017, jespinoza-shard-00-02.is5j4.mongodb.net:27017, jespinoza-shard-00-01.is5j4.mongodb.net:27017], passives=[], arbiters=[], primary='jespinoza-shard-00-02.is5j4.mongodb.net:27017', tagSet=TagSet{[Tag{name='nodeType', value='ELECTABLE'}, Tag{name='provider', value='AWS'}, Tag{name='region', value='SA_EAST_1'}, Tag{name='workloadType', value='OPERATIONAL'}]}, electionId=7fffffff0000000000000003, setVersion=1, topologyVersion=TopologyVersion{processId=6255b38fc0dee849605ed2e2, counter=6}, lastWriteDate=Thu Apr 21 17:54:27 COT 2022, lastUpdateTimeNanos=7879543413100}
2022-04-21 17:54:29.879  INFO 8404 --- [cluster-ClusterId{value='6261e0a2760f82430e2ba122', description='null'}-jespinoza-shard-00-02.is5j4.mongodb.net:27017] org.mongodb.driver.cluster               : Setting max election id to 7fffffff0000000000000003 from replica set primary jespinoza-shard-00-02.is5j4.mongodb.net:27017
2022-04-21 17:54:29.879  INFO 8404 --- [cluster-ClusterId{value='6261e0a2760f82430e2ba122', description='null'}-jespinoza-shard-00-02.is5j4.mongodb.net:27017] org.mongodb.driver.cluster               : Setting max set version to 1 from replica set primary jespinoza-shard-00-02.is5j4.mongodb.net:27017
2022-04-21 17:54:29.879  INFO 8404 --- [cluster-ClusterId{value='6261e0a2760f82430e2ba122', description='null'}-jespinoza-shard-00-02.is5j4.mongodb.net:27017] org.mongodb.driver.cluster               : Discovered replica set primary jespinoza-shard-00-02.is5j4.mongodb.net:27017
2022-04-21 17:54:29.881  INFO 8404 --- [cluster-rtt-ClusterId{value='6261e0a2760f82430e2ba122', description='null'}-jespinoza-shard-00-00.is5j4.mongodb.net:27017] org.mongodb.driver.connection            : Opened connection [connectionId{localValue:34, serverValue:213620}] to jespinoza-shard-00-00.is5j4.mongodb.net:27017
2022-04-21 17:54:29.892  INFO 8404 --- [restartedMain] o.s.c.n.eureka.InstanceInfoFactory       : Setting initial instance status as: STARTING
2022-04-21 17:54:29.893  INFO 8404 --- [restartedMain] com.netflix.discovery.DiscoveryClient    : Initializing Eureka in region us-east-1
