2022-04-20 23:44:07.251  INFO 24116 --- [restartedMain] org.mongodb.driver.cluster               : Cluster created with settings {hosts=[127.0.0.1:27017], srvHost=jespinoza.is5j4.mongodb.net, mode=MULTIPLE, requiredClusterType=REPLICA_SET, serverSelectionTimeout='30000 ms', requiredReplicaSetName='atlas-ob43re-shard-0'}
2022-04-20 23:44:09.360  WARN 24116 --- [restartedMain] o.s.data.convert.CustomConversions       : Registering converter from class java.time.LocalDateTime to class org.joda.time.LocalDateTime as reading converter although it doesn't convert from a store-supported type! You might want to check your annotation setup at the converter implementation.
2022-04-20 23:44:09.365  WARN 24116 --- [restartedMain] o.s.data.convert.CustomConversions       : Registering converter from class java.time.LocalDateTime to class org.joda.time.LocalDateTime as reading converter although it doesn't convert from a store-supported type! You might want to check your annotation setup at the converter implementation.
2022-04-20 23:44:09.374  WARN 24116 --- [restartedMain] o.s.b.d.a.OptionalLiveReloadServer       : Unable to start LiveReload server
2022-04-20 23:44:09.375  INFO 24116 --- [cluster-ClusterId{value='6260e1173cd884366b737937', description='null'}-srv-jespinoza.is5j4.mongodb.net] org.mongodb.driver.cluster               : Adding discovered server jespinoza-shard-00-01.is5j4.mongodb.net:27017 to client view of cluster
2022-04-20 23:44:09.378  INFO 24116 --- [cluster-ClusterId{value='6260e1173cd884366b737937', description='null'}-srv-jespinoza.is5j4.mongodb.net] org.mongodb.driver.cluster               : Adding discovered server jespinoza-shard-00-02.is5j4.mongodb.net:27017 to client view of cluster
2022-04-20 23:44:09.378  INFO 24116 --- [cluster-ClusterId{value='6260e1173cd884366b737937', description='null'}-srv-jespinoza.is5j4.mongodb.net] org.mongodb.driver.cluster               : Adding discovered server jespinoza-shard-00-00.is5j4.mongodb.net:27017 to client view of cluster
2022-04-20 23:44:09.592  INFO 24116 --- [restartedMain] DiscoveryClientOptionalArgsConfiguration : Eureka HTTP Client uses RestTemplate.
2022-04-20 23:44:09.923  WARN 24116 --- [restartedMain] iguration$LoadBalancerCaffeineWarnLogger : Spring Cloud LoadBalancer is currently working with the default cache. While this cache implementation is useful for development and tests, it's recommended to use Caffeine cache in production.You can switch to using Caffeine cache, by adding it and org.springframework.cache.caffeine.CaffeineCacheManager to the classpath.
2022-04-20 23:44:09.933  INFO 24116 --- [restartedMain] o.s.c.n.eureka.InstanceInfoFactory       : Setting initial instance status as: STARTING
2022-04-20 23:44:09.933  INFO 24116 --- [restartedMain] com.netflix.discovery.DiscoveryClient    : Initializing Eureka in region us-east-1
2022-04-20 23:44:09.934  INFO 24116 --- [restartedMain] c.n.d.s.r.aws.ConfigClusterResolver      : Resolving eureka endpoints via configuration
2022-04-20 23:44:09.934  INFO 24116 --- [restartedMain] com.netflix.discovery.DiscoveryClient    : Disable delta property : false
2022-04-20 23:44:09.934  INFO 24116 --- [restartedMain] com.netflix.discovery.DiscoveryClient    : Single vip registry refresh property : null
2022-04-20 23:44:09.934  INFO 24116 --- [restartedMain] com.netflix.discovery.DiscoveryClient    : Force full registry fetch : false
2022-04-20 23:44:09.934  INFO 24116 --- [restartedMain] com.netflix.discovery.DiscoveryClient    : Application is null : false
2022-04-20 23:44:09.934  INFO 24116 --- [restartedMain] com.netflix.discovery.DiscoveryClient    : Registered Applications size is zero : true
2022-04-20 23:44:09.934  INFO 24116 --- [restartedMain] com.netflix.discovery.DiscoveryClient    : Application version is -1: true
2022-04-20 23:44:09.934  INFO 24116 --- [restartedMain] com.netflix.discovery.DiscoveryClient    : Getting all instance registry info from the eureka server
2022-04-20 23:44:09.941  INFO 24116 --- [restartedMain] com.netflix.discovery.DiscoveryClient    : The response status is 200
2022-04-20 23:44:09.942  INFO 24116 --- [restartedMain] com.netflix.discovery.DiscoveryClient    : Starting heartbeat executor: renew interval is: 30
2022-04-20 23:44:09.942  INFO 24116 --- [restartedMain] c.n.discovery.InstanceInfoReplicator     : InstanceInfoReplicator onDemand update allowed rate per min is 4
2022-04-20 23:44:09.943  INFO 24116 --- [restartedMain] com.netflix.discovery.DiscoveryClient    : Discovery Client initialized at timestamp 1650516249943 with initial instances count: 2
2022-04-20 23:44:09.943  INFO 24116 --- [restartedMain] o.s.c.n.e.s.EurekaServiceRegistry        : Registering application BANKING-CREDIT-SERVICE with eureka with status UP
2022-04-20 23:44:09.943  INFO 24116 --- [restartedMain] com.netflix.discovery.DiscoveryClient    : Saw local status change event StatusChangeEvent [timestamp=1650516249943, current=UP, previous=STARTING]
2022-04-20 23:44:09.944  INFO 24116 --- [DiscoveryClient-InstanceInfoReplicator-0] com.netflix.discovery.DiscoveryClient    : DiscoveryClient_BANKING-CREDIT-SERVICE/LIM-6YYN4M3.usersad.everis.int:banking-credit-service:8084: registering service...
2022-04-20 23:44:09.951  INFO 24116 --- [DiscoveryClient-InstanceInfoReplicator-0] com.netflix.discovery.DiscoveryClient    : DiscoveryClient_BANKING-CREDIT-SERVICE/LIM-6YYN4M3.usersad.everis.int:banking-credit-service:8084 - registration status: 204
2022-04-20 23:44:09.951  INFO 24116 --- [restartedMain] o.s.b.web.embedded.netty.NettyWebServer  : Netty started on port 8084
2022-04-20 23:44:09.951  INFO 24116 --- [restartedMain] .s.c.n.e.s.EurekaAutoServiceRegistration : Updating port to 8084
2022-04-20 23:44:10.280  INFO 24116 --- [restartedMain] .b.c.s.a.BankingCreditServiceApplication : Started BankingCreditServiceApplication in 6.919 seconds (JVM running for 129540.239)
2022-04-20 23:44:10.281  INFO 24116 --- [restartedMain] .ConditionEvaluationDeltaLoggingListener : Condition evaluation unchanged
2022-04-20 23:44:10.325  INFO 24116 --- [cluster-ClusterId{value='6260e1173cd884366b737937', description='null'}-jespinoza-shard-00-02.is5j4.mongodb.net:27017] org.mongodb.driver.connection            : Opened connection [connectionId{localValue:870, serverValue:200531}] to jespinoza-shard-00-02.is5j4.mongodb.net:27017
2022-04-20 23:44:10.325  INFO 24116 --- [cluster-rtt-ClusterId{value='6260e1173cd884366b737937', description='null'}-jespinoza-shard-00-02.is5j4.mongodb.net:27017] org.mongodb.driver.connection            : Opened connection [connectionId{localValue:871, serverValue:200531}] to jespinoza-shard-00-02.is5j4.mongodb.net:27017
2022-04-20 23:44:10.325  INFO 24116 --- [cluster-ClusterId{value='6260e1173cd884366b737937', description='null'}-jespinoza-shard-00-00.is5j4.mongodb.net:27017] org.mongodb.driver.connection            : Opened connection [connectionId{localValue:872, serverValue:197299}] to jespinoza-shard-00-00.is5j4.mongodb.net:27017
2022-04-20 23:44:10.325  INFO 24116 --- [cluster-rtt-ClusterId{value='6260e1173cd884366b737937', description='null'}-jespinoza-shard-00-01.is5j4.mongodb.net:27017] org.mongodb.driver.connection            : Opened connection [connectionId{localValue:869, serverValue:197036}] to jespinoza-shard-00-01.is5j4.mongodb.net:27017
2022-04-20 23:44:10.325  INFO 24116 --- [cluster-rtt-ClusterId{value='6260e1173cd884366b737937', description='null'}-jespinoza-shard-00-00.is5j4.mongodb.net:27017] org.mongodb.driver.connection            : Opened connection [connectionId{localValue:873, serverValue:197299}] to jespinoza-shard-00-00.is5j4.mongodb.net:27017
2022-04-20 23:44:10.325  INFO 24116 --- [cluster-ClusterId{value='6260e1173cd884366b737937', description='null'}-jespinoza-shard-00-02.is5j4.mongodb.net:27017] org.mongodb.driver.cluster               : Monitor thread successfully connected to server with description ServerDescription{address=jespinoza-shard-00-02.is5j4.mongodb.net:27017, type=REPLICA_SET_PRIMARY, state=CONNECTED, ok=true, minWireVersion=0, maxWireVersion=13, maxDocumentSize=16777216, logicalSessionTimeoutMinutes=30, roundTripTimeNanos=552561300, setName='atlas-ob43re-shard-0', canonicalAddress=jespinoza-shard-00-02.is5j4.mongodb.net:27017, hosts=[jespinoza-shard-00-00.is5j4.mongodb.net:27017, jespinoza-shard-00-02.is5j4.mongodb.net:27017, jespinoza-shard-00-01.is5j4.mongodb.net:27017], passives=[], arbiters=[], primary='jespinoza-shard-00-02.is5j4.mongodb.net:27017', tagSet=TagSet{[Tag{name='nodeType', value='ELECTABLE'}, Tag{name='provider', value='AWS'}, Tag{name='region', value='SA_EAST_1'}, Tag{name='workloadType', value='OPERATIONAL'}]}, electionId=7fffffff0000000000000003, setVersion=1, topologyVersion=TopologyVersion{processId=6255b38fc0dee849605ed2e2, counter=6}, lastWriteDate=Wed Apr 20 23:44:01 COT 2022, lastUpdateTimeNanos=523512848844900}
2022-04-20 23:44:10.325  INFO 24116 --- [cluster-ClusterId{value='6260e1173cd884366b737937', description='null'}-jespinoza-shard-00-01.is5j4.mongodb.net:27017] org.mongodb.driver.connection            : Opened connection [connectionId{localValue:868, serverValue:197036}] to jespinoza-shard-00-01.is5j4.mongodb.net:27017
2022-04-20 23:44:10.325  INFO 24116 --- [cluster-ClusterId{value='6260e1173cd884366b737937', description='null'}-jespinoza-shard-00-00.is5j4.mongodb.net:27017] org.mongodb.driver.cluster               : Monitor thread successfully connected to server with description ServerDescription{address=jespinoza-shard-00-00.is5j4.mongodb.net:27017, type=REPLICA_SET_SECONDARY, state=CONNECTED, ok=true, minWireVersion=0, maxWireVersion=13, maxDocumentSize=16777216, logicalSessionTimeoutMinutes=30, roundTripTimeNanos=588472600, setName='atlas-ob43re-shard-0', canonicalAddress=jespinoza-shard-00-00.is5j4.mongodb.net:27017, hosts=[jespinoza-shard-00-00.is5j4.mongodb.net:27017, jespinoza-shard-00-02.is5j4.mongodb.net:27017, jespinoza-shard-00-01.is5j4.mongodb.net:27017], passives=[], arbiters=[], primary='jespinoza-shard-00-02.is5j4.mongodb.net:27017', tagSet=TagSet{[Tag{name='nodeType', value='ELECTABLE'}, Tag{name='provider', value='AWS'}, Tag{name='region', value='SA_EAST_1'}, Tag{name='workloadType', value='OPERATIONAL'}]}, electionId=null, setVersion=1, topologyVersion=TopologyVersion{processId=6255b33eb2f8dd2ca44ad71c, counter=4}, lastWriteDate=Wed Apr 20 23:44:01 COT 2022, lastUpdateTimeNanos=523512848844900}
2022-04-20 23:44:10.327  INFO 24116 --- [cluster-ClusterId{value='6260e1173cd884366b737937', description='null'}-jespinoza-shard-00-02.is5j4.mongodb.net:27017] org.mongodb.driver.cluster               : Setting max election id to 7fffffff0000000000000003 from replica set primary jespinoza-shard-00-02.is5j4.mongodb.net:27017
2022-04-20 23:44:10.327  INFO 24116 --- [cluster-ClusterId{value='6260e1173cd884366b737937', description='null'}-jespinoza-shard-00-01.is5j4.mongodb.net:27017] org.mongodb.driver.cluster               : Monitor thread successfully connected to server with description ServerDescription{address=jespinoza-shard-00-01.is5j4.mongodb.net:27017, type=REPLICA_SET_SECONDARY, state=CONNECTED, ok=true, minWireVersion=0, maxWireVersion=13, maxDocumentSize=16777216, logicalSessionTimeoutMinutes=30, roundTripTimeNanos=559975200, setName='atlas-ob43re-shard-0', canonicalAddress=jespinoza-shard-00-01.is5j4.mongodb.net:27017, hosts=[jespinoza-shard-00-00.is5j4.mongodb.net:27017, jespinoza-shard-00-02.is5j4.mongodb.net:27017, jespinoza-shard-00-01.is5j4.mongodb.net:27017], passives=[], arbiters=[], primary='jespinoza-shard-00-02.is5j4.mongodb.net:27017', tagSet=TagSet{[Tag{name='nodeType', value='ELECTABLE'}, Tag{name='provider', value='AWS'}, Tag{name='region', value='SA_EAST_1'}, Tag{name='workloadType', value='OPERATIONAL'}]}, electionId=null, setVersion=1, topologyVersion=TopologyVersion{processId=6255b3e0b4c5f71f47e9458f, counter=3}, lastWriteDate=Wed Apr 20 23:44:01 COT 2022, lastUpdateTimeNanos=523512848912000}
2022-04-20 23:44:10.327  INFO 24116 --- [cluster-ClusterId{value='6260e1173cd884366b737937', description='null'}-jespinoza-shard-00-02.is5j4.mongodb.net:27017] org.mongodb.driver.cluster               : Setting max set version to 1 from replica set primary jespinoza-shard-00-02.is5j4.mongodb.net:27017
2022-04-20 23:44:10.327  INFO 24116 --- [cluster-ClusterId{value='6260e1173cd884366b737937', description='null'}-jespinoza-shard-00-02.is5j4.mongodb.net:27017] org.mongodb.driver.cluster               : Discovered replica set primary jespinoza-shard-00-02.is5j4.mongodb.net:27017
2022-04-20 23:49:09.942  INFO 24116 --- [AsyncResolver-bootstrap-executor-0] c.n.d.s.r.aws.ConfigClusterResolver      : Resolving eureka endpoints via configuration
2022-04-20 23:54:09.955  INFO 24116 --- [AsyncResolver-bootstrap-executor-0] c.n.d.s.r.aws.ConfigClusterResolver      : Resolving eureka endpoints via configuration
2022-04-20 23:54:38.537  INFO 24116 --- [Thread-2509] o.s.c.n.e.s.EurekaServiceRegistry        : Unregistering application BANKING-CREDIT-SERVICE with eureka with status DOWN
2022-04-20 23:54:38.537  INFO 24116 --- [Thread-2509] com.netflix.discovery.DiscoveryClient    : Saw local status change event StatusChangeEvent [timestamp=1650516878537, current=DOWN, previous=UP]
2022-04-20 23:54:38.538  INFO 24116 --- [DiscoveryClient-InstanceInfoReplicator-0] com.netflix.discovery.DiscoveryClient    : DiscoveryClient_BANKING-CREDIT-SERVICE/LIM-6YYN4M3.usersad.everis.int:banking-credit-service:8084: registering service...
2022-04-20 23:54:38.551  INFO 24116 --- [DiscoveryClient-InstanceInfoReplicator-0] com.netflix.discovery.DiscoveryClient    : DiscoveryClient_BANKING-CREDIT-SERVICE/LIM-6YYN4M3.usersad.everis.int:banking-credit-service:8084 - registration status: 204
2022-04-20 23:54:42.667  INFO 24116 --- [Thread-2509] com.netflix.discovery.DiscoveryClient    : Shutting down DiscoveryClient ...
2022-04-20 23:54:45.670  INFO 24116 --- [Thread-2509] com.netflix.discovery.DiscoveryClient    : Unregistering ...
2022-04-20 23:54:45.686  INFO 24116 --- [Thread-2509] com.netflix.discovery.DiscoveryClient    : DiscoveryClient_BANKING-CREDIT-SERVICE/LIM-6YYN4M3.usersad.everis.int:banking-credit-service:8084 - deregister  status: 200
2022-04-20 23:54:45.687  INFO 24116 --- [Thread-2509] com.netflix.discovery.DiscoveryClient    : Completed shut down of DiscoveryClient
2022-04-20 23:54:46.312  INFO 24116 --- [restartedMain] c.c.c.ConfigServicePropertySourceLocator : Fetching config from server at : http://localhost:8090
2022-04-20 23:54:47.402  INFO 24116 --- [restartedMain] c.c.c.ConfigServicePropertySourceLocator : Located environment: name=banking-credit-service, profiles=[default], label=null, version=02a346e8c952991bacf49da1ea31cf6953787dee, state=null
2022-04-20 23:54:47.402  INFO 24116 --- [restartedMain] b.c.PropertySourceBootstrapConfiguration : Located property source: [BootstrapPropertySource {name='bootstrapProperties-configClient'}, BootstrapPropertySource {name='bootstrapProperties-https://github.com/JorgeEspinozaC2K/banking-config-data.git/file:C:\Users\jespcana\AppData\Local\Temp\config-repo-7519111749449486124\banking-credit-service.yml'}]
2022-04-20 23:54:47.408  INFO 24116 --- [restartedMain] .b.c.s.a.BankingCreditServiceApplication : No active profile set, falling back to 1 default profile: "default"
2022-04-20 23:54:47.536  INFO 24116 --- [restartedMain] .s.d.r.c.RepositoryConfigurationDelegate : Bootstrapping Spring Data Reactive MongoDB repositories in DEFAULT mode.
2022-04-20 23:54:47.544  INFO 24116 --- [restartedMain] .s.d.r.c.RepositoryConfigurationDelegate : Finished Spring Data repository scanning in 8 ms. Found 1 Reactive MongoDB repository interfaces.
2022-04-20 23:54:47.579  INFO 24116 --- [restartedMain] o.s.cloud.context.scope.GenericScope     : BeanFactory id=62f93500-a2d0-35d1-9566-2f26206266e7
2022-04-20 23:54:47.587  INFO 24116 --- [restartedMain] trationDelegate$BeanPostProcessorChecker : Bean 'org.springframework.cloud.client.loadbalancer.reactive.LoadBalancerBeanPostProcessorAutoConfiguration' of type [org.springframework.cloud.client.loadbalancer.reactive.LoadBalancerBeanPostProcessorAutoConfiguration] is not eligible for getting processed by all BeanPostProcessors (for example: not eligible for auto-proxying)
2022-04-20 23:54:47.588  INFO 24116 --- [restartedMain] trationDelegate$BeanPostProcessorChecker : Bean 'org.springframework.cloud.client.loadbalancer.reactive.LoadBalancerBeanPostProcessorAutoConfiguration$ReactorDeferringLoadBalancerFilterConfig' of type [org.springframework.cloud.client.loadbalancer.reactive.LoadBalancerBeanPostProcessorAutoConfiguration$ReactorDeferringLoadBalancerFilterConfig] is not eligible for getting processed by all BeanPostProcessors (for example: not eligible for auto-proxying)
2022-04-20 23:54:47.588  INFO 24116 --- [restartedMain] trationDelegate$BeanPostProcessorChecker : Bean 'reactorDeferringLoadBalancerExchangeFilterFunction' of type [org.springframework.cloud.client.loadbalancer.reactive.DeferringLoadBalancerExchangeFilterFunction] is not eligible for getting processed by all BeanPostProcessors (for example: not eligible for auto-proxying)
2022-04-20 23:54:49.702  INFO 24116 --- [restartedMain] org.mongodb.driver.cluster               : Cluster created with settings {hosts=[127.0.0.1:27017], srvHost=jespinoza.is5j4.mongodb.net, mode=MULTIPLE, requiredClusterType=REPLICA_SET, serverSelectionTimeout='30000 ms', requiredReplicaSetName='atlas-ob43re-shard-0'}
2022-04-20 23:54:51.829  INFO 24116 --- [cluster-ClusterId{value='6260e3993cd884366b737938', description='null'}-srv-jespinoza.is5j4.mongodb.net] org.mongodb.driver.cluster               : Adding discovered server jespinoza-shard-00-01.is5j4.mongodb.net:27017 to client view of cluster
2022-04-20 23:54:51.831  INFO 24116 --- [cluster-ClusterId{value='6260e3993cd884366b737938', description='null'}-srv-jespinoza.is5j4.mongodb.net] org.mongodb.driver.cluster               : Adding discovered server jespinoza-shard-00-02.is5j4.mongodb.net:27017 to client view of cluster
2022-04-20 23:54:51.831  INFO 24116 --- [cluster-ClusterId{value='6260e3993cd884366b737938', description='null'}-srv-jespinoza.is5j4.mongodb.net] org.mongodb.driver.cluster               : Adding discovered server jespinoza-shard-00-00.is5j4.mongodb.net:27017 to client view of cluster
2022-04-20 23:54:51.867  WARN 24116 --- [restartedMain] o.s.data.convert.CustomConversions       : Registering converter from class java.time.LocalDateTime to class org.joda.time.LocalDateTime as reading converter although it doesn't convert from a store-supported type! You might want to check your annotation setup at the converter implementation.
2022-04-20 23:54:51.870  WARN 24116 --- [restartedMain] o.s.data.convert.CustomConversions       : Registering converter from class java.time.LocalDateTime to class org.joda.time.LocalDateTime as reading converter although it doesn't convert from a store-supported type! You might want to check your annotation setup at the converter implementation.
2022-04-20 23:54:51.878  WARN 24116 --- [restartedMain] o.s.b.d.a.OptionalLiveReloadServer       : Unable to start LiveReload server
2022-04-20 23:54:52.088  INFO 24116 --- [restartedMain] DiscoveryClientOptionalArgsConfiguration : Eureka HTTP Client uses RestTemplate.
2022-04-20 23:54:52.392  WARN 24116 --- [restartedMain] iguration$LoadBalancerCaffeineWarnLogger : Spring Cloud LoadBalancer is currently working with the default cache. While this cache implementation is useful for development and tests, it's recommended to use Caffeine cache in production.You can switch to using Caffeine cache, by adding it and org.springframework.cache.caffeine.CaffeineCacheManager to the classpath.
2022-04-20 23:54:52.400  INFO 24116 --- [restartedMain] o.s.c.n.eureka.InstanceInfoFactory       : Setting initial instance status as: STARTING
2022-04-20 23:54:52.401  INFO 24116 --- [restartedMain] com.netflix.discovery.DiscoveryClient    : Initializing Eureka in region us-east-1
2022-04-20 23:54:52.401  INFO 24116 --- [restartedMain] c.n.d.s.r.aws.ConfigClusterResolver      : Resolving eureka endpoints via configuration
2022-04-20 23:54:52.401  INFO 24116 --- [restartedMain] com.netflix.discovery.DiscoveryClient    : Disable delta property : false
2022-04-20 23:54:52.402  INFO 24116 --- [restartedMain] com.netflix.discovery.DiscoveryClient    : Single vip registry refresh property : null
2022-04-20 23:54:52.402  INFO 24116 --- [restartedMain] com.netflix.discovery.DiscoveryClient    : Force full registry fetch : false
2022-04-20 23:54:52.402  INFO 24116 --- [restartedMain] com.netflix.discovery.DiscoveryClient    : Application is null : false
2022-04-20 23:54:52.402  INFO 24116 --- [restartedMain] com.netflix.discovery.DiscoveryClient    : Registered Applications size is zero : true
2022-04-20 23:54:52.402  INFO 24116 --- [restartedMain] com.netflix.discovery.DiscoveryClient    : Application version is -1: true
2022-04-20 23:54:52.402  INFO 24116 --- [restartedMain] com.netflix.discovery.DiscoveryClient    : Getting all instance registry info from the eureka server
2022-04-20 23:54:52.409  INFO 24116 --- [restartedMain] com.netflix.discovery.DiscoveryClient    : The response status is 200
2022-04-20 23:54:52.410  INFO 24116 --- [restartedMain] com.netflix.discovery.DiscoveryClient    : Starting heartbeat executor: renew interval is: 30
2022-04-20 23:54:52.410  INFO 24116 --- [restartedMain] c.n.discovery.InstanceInfoReplicator     : InstanceInfoReplicator onDemand update allowed rate per min is 4
2022-04-20 23:54:52.410  INFO 24116 --- [restartedMain] com.netflix.discovery.DiscoveryClient    : Discovery Client initialized at timestamp 1650516892410 with initial instances count: 3
2022-04-20 23:54:52.411  INFO 24116 --- [restartedMain] o.s.c.n.e.s.EurekaServiceRegistry        : Registering application BANKING-CREDIT-SERVICE with eureka with status UP
2022-04-20 23:54:52.411  INFO 24116 --- [restartedMain] com.netflix.discovery.DiscoveryClient    : Saw local status change event StatusChangeEvent [timestamp=1650516892411, current=UP, previous=STARTING]
2022-04-20 23:54:52.412  INFO 24116 --- [DiscoveryClient-InstanceInfoReplicator-0] com.netflix.discovery.DiscoveryClient    : DiscoveryClient_BANKING-CREDIT-SERVICE/LIM-6YYN4M3.usersad.everis.int:banking-credit-service:8084: registering service...
2022-04-20 23:54:52.418  INFO 24116 --- [DiscoveryClient-InstanceInfoReplicator-0] com.netflix.discovery.DiscoveryClient    : DiscoveryClient_BANKING-CREDIT-SERVICE/LIM-6YYN4M3.usersad.everis.int:banking-credit-service:8084 - registration status: 204
2022-04-20 23:54:52.418  INFO 24116 --- [restartedMain] o.s.b.web.embedded.netty.NettyWebServer  : Netty started on port 8084
2022-04-20 23:54:52.418  INFO 24116 --- [restartedMain] .s.c.n.e.s.EurekaAutoServiceRegistration : Updating port to 8084
2022-04-20 23:54:52.422  INFO 24116 --- [cluster-ClusterId{value='6260e3993cd884366b737938', description='null'}-jespinoza-shard-00-01.is5j4.mongodb.net:27017] org.mongodb.driver.connection            : Opened connection [connectionId{localValue:874, serverValue:197189}] to jespinoza-shard-00-01.is5j4.mongodb.net:27017
2022-04-20 23:54:52.423  INFO 24116 --- [cluster-ClusterId{value='6260e3993cd884366b737938', description='null'}-jespinoza-shard-00-01.is5j4.mongodb.net:27017] org.mongodb.driver.cluster               : Monitor thread successfully connected to server with description ServerDescription{address=jespinoza-shard-00-01.is5j4.mongodb.net:27017, type=REPLICA_SET_SECONDARY, state=CONNECTED, ok=true, minWireVersion=0, maxWireVersion=13, maxDocumentSize=16777216, logicalSessionTimeoutMinutes=30, roundTripTimeNanos=448279100, setName='atlas-ob43re-shard-0', canonicalAddress=jespinoza-shard-00-01.is5j4.mongodb.net:27017, hosts=[jespinoza-shard-00-00.is5j4.mongodb.net:27017, jespinoza-shard-00-02.is5j4.mongodb.net:27017, jespinoza-shard-00-01.is5j4.mongodb.net:27017], passives=[], arbiters=[], primary='jespinoza-shard-00-02.is5j4.mongodb.net:27017', tagSet=TagSet{[Tag{name='nodeType', value='ELECTABLE'}, Tag{name='provider', value='AWS'}, Tag{name='region', value='SA_EAST_1'}, Tag{name='workloadType', value='OPERATIONAL'}]}, electionId=null, setVersion=1, topologyVersion=TopologyVersion{processId=6255b3e0b4c5f71f47e9458f, counter=3}, lastWriteDate=Wed Apr 20 23:54:45 COT 2022, lastUpdateTimeNanos=524154946464400}
2022-04-20 23:54:52.424  INFO 24116 --- [cluster-ClusterId{value='6260e3993cd884366b737938', description='null'}-jespinoza-shard-00-00.is5j4.mongodb.net:27017] org.mongodb.driver.connection            : Opened connection [connectionId{localValue:878, serverValue:197453}] to jespinoza-shard-00-00.is5j4.mongodb.net:27017
2022-04-20 23:54:52.424  INFO 24116 --- [cluster-ClusterId{value='6260e3993cd884366b737938', description='null'}-jespinoza-shard-00-00.is5j4.mongodb.net:27017] org.mongodb.driver.cluster               : Monitor thread successfully connected to server with description ServerDescription{address=jespinoza-shard-00-00.is5j4.mongodb.net:27017, type=REPLICA_SET_SECONDARY, state=CONNECTED, ok=true, minWireVersion=0, maxWireVersion=13, maxDocumentSize=16777216, logicalSessionTimeoutMinutes=30, roundTripTimeNanos=446082900, setName='atlas-ob43re-shard-0', canonicalAddress=jespinoza-shard-00-00.is5j4.mongodb.net:27017, hosts=[jespinoza-shard-00-00.is5j4.mongodb.net:27017, jespinoza-shard-00-02.is5j4.mongodb.net:27017, jespinoza-shard-00-01.is5j4.mongodb.net:27017], passives=[], arbiters=[], primary='jespinoza-shard-00-02.is5j4.mongodb.net:27017', tagSet=TagSet{[Tag{name='nodeType', value='ELECTABLE'}, Tag{name='provider', value='AWS'}, Tag{name='region', value='SA_EAST_1'}, Tag{name='workloadType', value='OPERATIONAL'}]}, electionId=null, setVersion=1, topologyVersion=TopologyVersion{processId=6255b33eb2f8dd2ca44ad71c, counter=4}, lastWriteDate=Wed Apr 20 23:54:45 COT 2022, lastUpdateTimeNanos=524154947987200}
2022-04-20 23:54:52.429  INFO 24116 --- [cluster-ClusterId{value='6260e3993cd884366b737938', description='null'}-jespinoza-shard-00-02.is5j4.mongodb.net:27017] org.mongodb.driver.connection            : Opened connection [connectionId{localValue:876, serverValue:200654}] to jespinoza-shard-00-02.is5j4.mongodb.net:27017
2022-04-20 23:54:52.430  INFO 24116 --- [cluster-ClusterId{value='6260e3993cd884366b737938', description='null'}-jespinoza-shard-00-02.is5j4.mongodb.net:27017] org.mongodb.driver.cluster               : Monitor thread successfully connected to server with description ServerDescription{address=jespinoza-shard-00-02.is5j4.mongodb.net:27017, type=REPLICA_SET_PRIMARY, state=CONNECTED, ok=true, minWireVersion=0, maxWireVersion=13, maxDocumentSize=16777216, logicalSessionTimeoutMinutes=30, roundTripTimeNanos=451609800, setName='atlas-ob43re-shard-0', canonicalAddress=jespinoza-shard-00-02.is5j4.mongodb.net:27017, hosts=[jespinoza-shard-00-00.is5j4.mongodb.net:27017, jespinoza-shard-00-02.is5j4.mongodb.net:27017, jespinoza-shard-00-01.is5j4.mongodb.net:27017], passives=[], arbiters=[], primary='jespinoza-shard-00-02.is5j4.mongodb.net:27017', tagSet=TagSet{[Tag{name='nodeType', value='ELECTABLE'}, Tag{name='provider', value='AWS'}, Tag{name='region', value='SA_EAST_1'}, Tag{name='workloadType', value='OPERATIONAL'}]}, electionId=7fffffff0000000000000003, setVersion=1, topologyVersion=TopologyVersion{processId=6255b38fc0dee849605ed2e2, counter=6}, lastWriteDate=Wed Apr 20 23:54:45 COT 2022, lastUpdateTimeNanos=524154953562200}
2022-04-20 23:54:52.430  INFO 24116 --- [cluster-rtt-ClusterId{value='6260e3993cd884366b737938', description='null'}-jespinoza-shard-00-01.is5j4.mongodb.net:27017] org.mongodb.driver.connection            : Opened connection [connectionId{localValue:875, serverValue:197189}] to jespinoza-shard-00-01.is5j4.mongodb.net:27017
2022-04-20 23:54:52.430  INFO 24116 --- [cluster-ClusterId{value='6260e3993cd884366b737938', description='null'}-jespinoza-shard-00-02.is5j4.mongodb.net:27017] org.mongodb.driver.cluster               : Setting max election id to 7fffffff0000000000000003 from replica set primary jespinoza-shard-00-02.is5j4.mongodb.net:27017
2022-04-20 23:54:52.430  INFO 24116 --- [cluster-ClusterId{value='6260e3993cd884366b737938', description='null'}-jespinoza-shard-00-02.is5j4.mongodb.net:27017] org.mongodb.driver.cluster               : Setting max set version to 1 from replica set primary jespinoza-shard-00-02.is5j4.mongodb.net:27017
2022-04-20 23:54:52.430  INFO 24116 --- [cluster-ClusterId{value='6260e3993cd884366b737938', description='null'}-jespinoza-shard-00-02.is5j4.mongodb.net:27017] org.mongodb.driver.cluster               : Discovered replica set primary jespinoza-shard-00-02.is5j4.mongodb.net:27017
2022-04-20 23:54:52.441  INFO 24116 --- [cluster-rtt-ClusterId{value='6260e3993cd884366b737938', description='null'}-jespinoza-shard-00-00.is5j4.mongodb.net:27017] org.mongodb.driver.connection            : Opened connection [connectionId{localValue:879, serverValue:197453}] to jespinoza-shard-00-00.is5j4.mongodb.net:27017
2022-04-20 23:54:52.444  INFO 24116 --- [cluster-rtt-ClusterId{value='6260e3993cd884366b737938', description='null'}-jespinoza-shard-00-02.is5j4.mongodb.net:27017] org.mongodb.driver.connection            : Opened connection [connectionId{localValue:877, serverValue:200654}] to jespinoza-shard-00-02.is5j4.mongodb.net:27017
2022-04-20 23:54:52.732  INFO 24116 --- [restartedMain] .b.c.s.a.BankingCreditServiceApplication : Started BankingCreditServiceApplication in 6.882 seconds (JVM running for 130182.692)
2022-04-20 23:54:52.734  INFO 24116 --- [restartedMain] .ConditionEvaluationDeltaLoggingListener : Condition evaluation unchanged
2022-04-20 23:59:21.261  INFO 24116 --- [Thread-2526] o.s.c.n.e.s.EurekaServiceRegistry        : Unregistering application BANKING-CREDIT-SERVICE with eureka with status DOWN
2022-04-20 23:59:21.261  INFO 24116 --- [Thread-2526] com.netflix.discovery.DiscoveryClient    : Saw local status change event StatusChangeEvent [timestamp=1650517161261, current=DOWN, previous=UP]
2022-04-20 23:59:21.261  INFO 24116 --- [DiscoveryClient-InstanceInfoReplicator-0] com.netflix.discovery.DiscoveryClient    : DiscoveryClient_BANKING-CREDIT-SERVICE/LIM-6YYN4M3.usersad.everis.int:banking-credit-service:8084: registering service...
2022-04-20 23:59:21.286  INFO 24116 --- [DiscoveryClient-InstanceInfoReplicator-0] com.netflix.discovery.DiscoveryClient    : DiscoveryClient_BANKING-CREDIT-SERVICE/LIM-6YYN4M3.usersad.everis.int:banking-credit-service:8084 - registration status: 204
2022-04-20 23:59:25.372  INFO 24116 --- [Thread-2526] com.netflix.discovery.DiscoveryClient    : Shutting down DiscoveryClient ...
2022-04-20 23:59:28.376  INFO 24116 --- [Thread-2526] com.netflix.discovery.DiscoveryClient    : Unregistering ...
2022-04-20 23:59:28.392  INFO 24116 --- [Thread-2526] com.netflix.discovery.DiscoveryClient    : DiscoveryClient_BANKING-CREDIT-SERVICE/LIM-6YYN4M3.usersad.everis.int:banking-credit-service:8084 - deregister  status: 200
2022-04-20 23:59:28.394  INFO 24116 --- [Thread-2526] com.netflix.discovery.DiscoveryClient    : Completed shut down of DiscoveryClient
2022-04-20 23:59:28.933  INFO 24116 --- [restartedMain] c.c.c.ConfigServicePropertySourceLocator : Fetching config from server at : http://localhost:8090
2022-04-20 23:59:30.086  INFO 24116 --- [restartedMain] c.c.c.ConfigServicePropertySourceLocator : Located environment: name=banking-credit-service, profiles=[default], label=null, version=02a346e8c952991bacf49da1ea31cf6953787dee, state=null
2022-04-20 23:59:30.087  INFO 24116 --- [restartedMain] b.c.PropertySourceBootstrapConfiguration : Located property source: [BootstrapPropertySource {name='bootstrapProperties-configClient'}, BootstrapPropertySource {name='bootstrapProperties-https://github.com/JorgeEspinozaC2K/banking-config-data.git/file:C:\Users\jespcana\AppData\Local\Temp\config-repo-7519111749449486124\banking-credit-service.yml'}]
2022-04-20 23:59:30.092  INFO 24116 --- [restartedMain] .b.c.s.a.BankingCreditServiceApplication : No active profile set, falling back to 1 default profile: "default"
2022-04-20 23:59:30.224  INFO 24116 --- [restartedMain] .s.d.r.c.RepositoryConfigurationDelegate : Bootstrapping Spring Data Reactive MongoDB repositories in DEFAULT mode.
2022-04-20 23:59:30.232  INFO 24116 --- [restartedMain] .s.d.r.c.RepositoryConfigurationDelegate : Finished Spring Data repository scanning in 8 ms. Found 1 Reactive MongoDB repository interfaces.
2022-04-20 23:59:30.267  INFO 24116 --- [restartedMain] o.s.cloud.context.scope.GenericScope     : BeanFactory id=62f93500-a2d0-35d1-9566-2f26206266e7
2022-04-20 23:59:30.274  INFO 24116 --- [restartedMain] trationDelegate$BeanPostProcessorChecker : Bean 'org.springframework.cloud.client.loadbalancer.reactive.LoadBalancerBeanPostProcessorAutoConfiguration' of type [org.springframework.cloud.client.loadbalancer.reactive.LoadBalancerBeanPostProcessorAutoConfiguration] is not eligible for getting processed by all BeanPostProcessors (for example: not eligible for auto-proxying)
2022-04-20 23:59:30.274  INFO 24116 --- [restartedMain] trationDelegate$BeanPostProcessorChecker : Bean 'org.springframework.cloud.client.loadbalancer.reactive.LoadBalancerBeanPostProcessorAutoConfiguration$ReactorDeferringLoadBalancerFilterConfig' of type [org.springframework.cloud.client.loadbalancer.reactive.LoadBalancerBeanPostProcessorAutoConfiguration$ReactorDeferringLoadBalancerFilterConfig] is not eligible for getting processed by all BeanPostProcessors (for example: not eligible for auto-proxying)
2022-04-20 23:59:30.274  INFO 24116 --- [restartedMain] trationDelegate$BeanPostProcessorChecker : Bean 'reactorDeferringLoadBalancerExchangeFilterFunction' of type [org.springframework.cloud.client.loadbalancer.reactive.DeferringLoadBalancerExchangeFilterFunction] is not eligible for getting processed by all BeanPostProcessors (for example: not eligible for auto-proxying)
2022-04-20 23:59:30.283  WARN 24116 --- [restartedMain] onfigReactiveWebServerApplicationContext : Exception encountered during context initialization - cancelling refresh attempt: org.springframework.beans.factory.UnsatisfiedDependencyException: Error creating bean with name 'creditController': Unsatisfied dependency expressed through field 'creditService'; nested exception is org.springframework.beans.factory.BeanCreationException: Error creating bean with name 'creditServiceImp' defined in file [C:\Users\jespcana\Documents\Bootcamp\banking-credit-service\target\classes\com\banking\credit\service\app\service\imp\CreditServiceImp.class]: Instantiation of bean failed; nested exception is org.springframework.beans.BeanInstantiationException: Failed to instantiate [com.banking.credit.service.app.service.imp.CreditServiceImp]: Constructor threw exception; nested exception is java.lang.Error: Unresolved compilation problems: 
	Syntax error on token "return", delete this token
	Type mismatch: cannot convert from Mono<Object> to boolean
	Type mismatch: cannot convert from Flux<Credit> to boolean

2022-04-20 23:59:30.286  INFO 24116 --- [restartedMain] ConditionEvaluationReportLoggingListener : 

Error starting ApplicationContext. To display the conditions report re-run your application with 'debug' enabled.
2022-04-20 23:59:30.289 ERROR 24116 --- [restartedMain] o.s.boot.SpringApplication               : Application run failed

org.springframework.beans.factory.UnsatisfiedDependencyException: Error creating bean with name 'creditController': Unsatisfied dependency expressed through field 'creditService'; nested exception is org.springframework.beans.factory.BeanCreationException: Error creating bean with name 'creditServiceImp' defined in file [C:\Users\jespcana\Documents\Bootcamp\banking-credit-service\target\classes\com\banking\credit\service\app\service\imp\CreditServiceImp.class]: Instantiation of bean failed; nested exception is org.springframework.beans.BeanInstantiationException: Failed to instantiate [com.banking.credit.service.app.service.imp.CreditServiceImp]: Constructor threw exception; nested exception is java.lang.Error: Unresolved compilation problems: 
	Syntax error on token "return", delete this token
	Type mismatch: cannot convert from Mono<Object> to boolean
	Type mismatch: cannot convert from Flux<Credit> to boolean

	at org.springframework.beans.factory.annotation.AutowiredAnnotationBeanPostProcessor$AutowiredFieldElement.resolveFieldValue(AutowiredAnnotationBeanPostProcessor.java:659) ~[spring-beans-5.3.18.jar:5.3.18]
	at org.springframework.beans.factory.annotation.AutowiredAnnotationBeanPostProcessor$AutowiredFieldElement.inject(AutowiredAnnotationBeanPostProcessor.java:639) ~[spring-beans-5.3.18.jar:5.3.18]
	at org.springframework.beans.factory.annotation.InjectionMetadata.inject(InjectionMetadata.java:119) ~[spring-beans-5.3.18.jar:5.3.18]
	at org.springframework.beans.factory.annotation.AutowiredAnnotationBeanPostProcessor.postProcessProperties(AutowiredAnnotationBeanPostProcessor.java:399) ~[spring-beans-5.3.18.jar:5.3.18]
	at org.springframework.beans.factory.support.AbstractAutowireCapableBeanFactory.populateBean(AbstractAutowireCapableBeanFactory.java:1431) ~[spring-beans-5.3.18.jar:5.3.18]
	at org.springframework.beans.factory.support.AbstractAutowireCapableBeanFactory.doCreateBean(AbstractAutowireCapableBeanFactory.java:619) ~[spring-beans-5.3.18.jar:5.3.18]
	at org.springframework.beans.factory.support.AbstractAutowireCapableBeanFactory.createBean(AbstractAutowireCapableBeanFactory.java:542) ~[spring-beans-5.3.18.jar:5.3.18]
	at org.springframework.beans.factory.support.AbstractBeanFactory.lambda$doGetBean$0(AbstractBeanFactory.java:335) ~[spring-beans-5.3.18.jar:5.3.18]
	at org.springframework.beans.factory.support.DefaultSingletonBeanRegistry.getSingleton(DefaultSingletonBeanRegistry.java:234) ~[spring-beans-5.3.18.jar:5.3.18]
	at org.springframework.beans.factory.support.AbstractBeanFactory.doGetBean(AbstractBeanFactory.java:333) ~[spring-beans-5.3.18.jar:5.3.18]
	at org.springframework.beans.factory.support.AbstractBeanFactory.getBean(AbstractBeanFactory.java:208) ~[spring-beans-5.3.18.jar:5.3.18]
	at org.springframework.beans.factory.support.DefaultListableBeanFactory.preInstantiateSingletons(DefaultListableBeanFactory.java:953) ~[spring-beans-5.3.18.jar:5.3.18]
	at org.springframework.context.support.AbstractApplicationContext.finishBeanFactoryInitialization(AbstractApplicationContext.java:918) ~[spring-context-5.3.18.jar:5.3.18]
	at org.springframework.context.support.AbstractApplicationContext.refresh(AbstractApplicationContext.java:583) ~[spring-context-5.3.18.jar:5.3.18]
	at org.springframework.boot.web.reactive.context.ReactiveWebServerApplicationContext.refresh(ReactiveWebServerApplicationContext.java:64) ~[spring-boot-2.6.6.jar:2.6.6]
	at org.springframework.boot.SpringApplication.refresh(SpringApplication.java:740) [spring-boot-2.6.6.jar:2.6.6]
	at org.springframework.boot.SpringApplication.refreshContext(SpringApplication.java:415) [spring-boot-2.6.6.jar:2.6.6]
	at org.springframework.boot.SpringApplication.run(SpringApplication.java:303) [spring-boot-2.6.6.jar:2.6.6]
	at org.springframework.boot.SpringApplication.run(SpringApplication.java:1312) [spring-boot-2.6.6.jar:2.6.6]
	at org.springframework.boot.SpringApplication.run(SpringApplication.java:1301) [spring-boot-2.6.6.jar:2.6.6]
	at com.banking.credit.service.app.BankingCreditServiceApplication.main(BankingCreditServiceApplication.java:12) [classes/:na]
	at sun.reflect.NativeMethodAccessorImpl.invoke0(Native Method) ~[na:1.8.0_311]
	at sun.reflect.NativeMethodAccessorImpl.invoke(NativeMethodAccessorImpl.java:62) ~[na:1.8.0_311]
	at sun.reflect.DelegatingMethodAccessorImpl.invoke(DelegatingMethodAccessorImpl.java:43) ~[na:1.8.0_311]
	at java.lang.reflect.Method.invoke(Method.java:498) ~[na:1.8.0_311]
	at org.springframework.boot.devtools.restart.RestartLauncher.run(RestartLauncher.java:49) [spring-boot-devtools-2.6.6.jar:2.6.6]
Caused by: org.springframework.beans.factory.BeanCreationException: Error creating bean with name 'creditServiceImp' defined in file [C:\Users\jespcana\Documents\Bootcamp\banking-credit-service\target\classes\com\banking\credit\service\app\service\imp\CreditServiceImp.class]: Instantiation of bean failed; nested exception is org.springframework.beans.BeanInstantiationException: Failed to instantiate [com.banking.credit.service.app.service.imp.CreditServiceImp]: Constructor threw exception; nested exception is java.lang.Error: Unresolved compilation problems: 
	Syntax error on token "return", delete this token
	Type mismatch: cannot convert from Mono<Object> to boolean
	Type mismatch: cannot convert from Flux<Credit> to boolean

	at org.springframework.beans.factory.support.AbstractAutowireCapableBeanFactory.instantiateBean(AbstractAutowireCapableBeanFactory.java:1334) ~[spring-beans-5.3.18.jar:5.3.18]
	at org.springframework.beans.factory.support.AbstractAutowireCapableBeanFactory.createBeanInstance(AbstractAutowireCapableBeanFactory.java:1232) ~[spring-beans-5.3.18.jar:5.3.18]
	at org.springframework.beans.factory.support.AbstractAutowireCapableBeanFactory.doCreateBean(AbstractAutowireCapableBeanFactory.java:582) ~[spring-beans-5.3.18.jar:5.3.18]
	at org.springframework.beans.factory.support.AbstractAutowireCapableBeanFactory.createBean(AbstractAutowireCapableBeanFactory.java:542) ~[spring-beans-5.3.18.jar:5.3.18]
	at org.springframework.beans.factory.support.AbstractBeanFactory.lambda$doGetBean$0(AbstractBeanFactory.java:335) ~[spring-beans-5.3.18.jar:5.3.18]
	at org.springframework.beans.factory.support.DefaultSingletonBeanRegistry.getSingleton(DefaultSingletonBeanRegistry.java:234) ~[spring-beans-5.3.18.jar:5.3.18]
	at org.springframework.beans.factory.support.AbstractBeanFactory.doGetBean(AbstractBeanFactory.java:333) ~[spring-beans-5.3.18.jar:5.3.18]
	at org.springframework.beans.factory.support.AbstractBeanFactory.getBean(AbstractBeanFactory.java:208) ~[spring-beans-5.3.18.jar:5.3.18]
	at org.springframework.beans.factory.config.DependencyDescriptor.resolveCandidate(DependencyDescriptor.java:276) ~[spring-beans-5.3.18.jar:5.3.18]
	at org.springframework.beans.factory.support.DefaultListableBeanFactory.doResolveDependency(DefaultListableBeanFactory.java:1389) ~[spring-beans-5.3.18.jar:5.3.18]
	at org.springframework.beans.factory.support.DefaultListableBeanFactory.resolveDependency(DefaultListableBeanFactory.java:1309) ~[spring-beans-5.3.18.jar:5.3.18]
	at org.springframework.beans.factory.annotation.AutowiredAnnotationBeanPostProcessor$AutowiredFieldElement.resolveFieldValue(AutowiredAnnotationBeanPostProcessor.java:656) ~[spring-beans-5.3.18.jar:5.3.18]
	... 25 common frames omitted
Caused by: org.springframework.beans.BeanInstantiationException: Failed to instantiate [com.banking.credit.service.app.service.imp.CreditServiceImp]: Constructor threw exception; nested exception is java.lang.Error: Unresolved compilation problems: 
	Syntax error on token "return", delete this token
	Type mismatch: cannot convert from Mono<Object> to boolean
	Type mismatch: cannot convert from Flux<Credit> to boolean

	at org.springframework.beans.BeanUtils.instantiateClass(BeanUtils.java:224) ~[spring-beans-5.3.18.jar:5.3.18]
	at org.springframework.beans.factory.support.SimpleInstantiationStrategy.instantiate(SimpleInstantiationStrategy.java:87) ~[spring-beans-5.3.18.jar:5.3.18]
	at org.springframework.beans.factory.support.AbstractAutowireCapableBeanFactory.instantiateBean(AbstractAutowireCapableBeanFactory.java:1326) ~[spring-beans-5.3.18.jar:5.3.18]
	... 36 common frames omitted
Caused by: java.lang.Error: Unresolved compilation problems: 
	Syntax error on token "return", delete this token
	Type mismatch: cannot convert from Mono<Object> to boolean
	Type mismatch: cannot convert from Flux<Credit> to boolean

	at com.banking.credit.service.app.service.imp.CreditServiceImp.<init>(CreditServiceImp.java:261) ~[classes/:na]
	at sun.reflect.NativeConstructorAccessorImpl.newInstance0(Native Method) ~[na:1.8.0_311]
	at sun.reflect.NativeConstructorAccessorImpl.newInstance(NativeConstructorAccessorImpl.java:62) ~[na:1.8.0_311]
	at sun.reflect.DelegatingConstructorAccessorImpl.newInstance(DelegatingConstructorAccessorImpl.java:45) ~[na:1.8.0_311]
	at java.lang.reflect.Constructor.newInstance(Constructor.java:423) ~[na:1.8.0_311]
	at org.springframework.beans.BeanUtils.instantiateClass(BeanUtils.java:211) ~[spring-beans-5.3.18.jar:5.3.18]
	... 38 common frames omitted

